Grid Sizes: 2 2
Block Sizes: 16 16
End of renderPixels
End of renderPixels
End of renderPixels
End of renderPixels
End of renderPixels
End of renderPixels
End of renderPixels
End of renderPixels
End of renderPixels
End of renderPixels
End of renderPixels
End of renderPixels
End of renderPixels
End of renderPixels
End of renderPixels
End of renderPixels
End of renderPixels
End of renderPixels
End of renderPixels
End of renderPixels
End of renderPixels
End of renderPixels
End of renderPixels
End of renderPixels
End of renderPixels
End of renderPixels
End of renderPixels
End of renderPixels
End of renderPixels
End of renderPixels
End of renderPixels
End of renderPixels
End of renderPixels
End of renderPixels
End of renderPixels
End of renderPixels
End of renderPixels
End of renderPixels
End of renderPixels
End of renderPixels
End of renderPixels
End of renderPixels
End of renderPixels
End of renderPixels
End of renderPixels
End of renderPixels
End of renderPixels
End of renderPixels
End of renderPixels
End of renderPixels
End of renderPixels
End of renderPixels
End of renderPixels
End of renderPixels
End of renderPixels
End of renderPixels
End of renderPixels
End of renderPixels
End of renderPixels
End of renderPixels
End of renderPixels
End of renderPixels
End of renderPixels
End of renderPixels
End of renderPixels
End of renderPixels
End of renderPixels
End of renderPixels
End of renderPixels
End of renderPixels
End of renderPixels
End of renderPixels
End of renderPixels
End of renderPixels
End of renderPixels
End of renderPixels
End of renderPixels
End of renderPixels
End of renderPixels
End of renderPixels
End of renderPixels
End of renderPixels
End of renderPixels
End of renderPixels
End of renderPixels
End of renderPixels
End of renderPixels
End of renderPixels
End of renderPixels
End of renderPixels
End of renderPixels
End of renderPixels
End of renderPixels
End of renderPixels
End of renderPixels
End of renderPixels
End of renderPixels
End of renderPixels
End of renderPixels
End of renderPixels
End of renderPixels
End of renderPixels
End of renderPixels
End of renderPixels
End of renderPixels
End of renderPixels
End of renderPixels
End of renderPixels
End of renderPixels
End of renderPixels
End of renderPixels
End of renderPixels
End of renderPixels
End of renderPixels
End of renderPixels
End of renderPixels
End of renderPixels
End of renderPixels
End of renderPixels
End of renderPixels
End of renderPixels
End of renderPixels
End of renderPixels
End of renderPixels
End of renderPixels
End of renderPixels
End of renderPixels
End of renderPixels
End of renderPixels
End of renderPixels
End of renderPixels
End of renderPixels
End of renderPixels
End of renderPixels
End of renderPixels
End of renderPixels
End of renderPixels
End of renderPixels
End of renderPixels
End of renderPixels
End of renderPixels
End of renderPixels
End of renderPixels
End of renderPixels
End of renderPixels
End of renderPixels
End of renderPixels
End of renderPixels
End of renderPixels
End of renderPixels
End of renderPixels
End of renderPixels
End of renderPixels
End of renderPixels
End of renderPixels
End of renderPixels
End of renderPixels
End of renderPixels
End of renderPixels
End of renderPixels
End of renderPixels
End of renderPixels
End of renderPixels
End of renderPixels
End of renderPixels
End of renderPixels
End of renderPixels
End of renderPixels
End of renderPixels
End of renderPixels
End of renderPixels
End of renderPixels
End of renderPixels
End of renderPixels
End of renderPixels
End of renderPixels
End of renderPixels
End of renderPixels
End of renderPixels
End of renderPixels
End of renderPixels
End of renderPixels
End of renderPixels
End of renderPixels
End of renderPixels
End of renderPixels
End of renderPixels
End of renderPixels
End of renderPixels
End of renderPixels
End of renderPixels
End of renderPixels
End of renderPixels
End of renderPixels
End of renderPixels
End of renderPixels
End of renderPixels
End of renderPixels
End of renderPixels
End of renderPixels
End of renderPixels
End of renderPixels
End of renderPixels
End of renderPixels
End of renderPixels
End of renderPixels
End of renderPixels
End of renderPixels
End of renderPixels
End of renderPixels
End of renderPixels
End of renderPixels
End of renderPixels
End of renderPixels
End of renderPixels
End of renderPixels
End of renderPixels
End of renderPixels
End of renderPixels
End of renderPixels
End of renderPixels
End of renderPixels
End of renderPixels
End of renderPixels
End of renderPixels
End of renderPixels
End of renderPixels
End of renderPixels
End of renderPixels
End of renderPixels
End of renderPixels
End of renderPixels
End of renderPixels
End of renderPixels
End of renderPixels
End of renderPixels
End of renderPixels
End of renderPixels
End of renderPixels
End of renderPixels
End of renderPixels
End of renderPixels
End of renderPixels
End of renderPixels
End of renderPixels
End of renderPixels
End of renderPixels
End of renderPixels
End of renderPixels
End of renderPixels
End of renderPixels
End of renderPixels
End of renderPixels
End of renderPixels
End of renderPixels
End of renderPixels
End of renderPixels
End of renderPixels
End of renderPixels
End of renderPixels
End of renderPixels
End of renderPixels
End of renderPixels
End of renderPixels
End of renderPixels
End of renderPixels
End of renderPixels
End of renderPixels
End of renderPixels
End of renderPixels
End of renderPixels
End of renderPixels
End of renderPixels
End of renderPixels
End of renderPixels
End of renderPixels
End of renderPixels
End of renderPixels
End of renderPixels
End of renderPixels
End of renderPixels
End of renderPixels
End of renderPixels
End of renderPixels
End of renderPixels
End of renderPixels
End of renderPixels
End of renderPixels
End of renderPixels
End of renderPixels
End of renderPixels
End of renderPixels
End of renderPixels
End of renderPixels
End of renderPixels
End of renderPixels
End of renderPixels
End of renderPixels
End of renderPixels
End of renderPixels
End of renderPixels
End of renderPixels
End of renderPixels
End of renderPixels
End of renderPixels
End of renderPixels
End of renderPixels
End of renderPixels
End of renderPixels
End of renderPixels
End of renderPixels
End of renderPixels
End of renderPixels
End of renderPixels
End of renderPixels
End of renderPixels
End of renderPixels
End of renderPixels
End of renderPixels
End of renderPixels
End of renderPixels
End of renderPixels
End of renderPixels
End of renderPixels
End of renderPixels
End of renderPixels
End of renderPixels
End of renderPixels
End of renderPixels
End of renderPixels
End of renderPixels
End of renderPixels
End of renderPixels
End of renderPixels
End of renderPixels
End of renderPixels
End of renderPixels
End of renderPixels
End of renderPixels
End of renderPixels
End of renderPixels
End of renderPixels
End of renderPixels
End of renderPixels
End of renderPixels
End of renderPixels
End of renderPixels
End of renderPixels
End of renderPixels
End of renderPixels
End of renderPixels
End of renderPixels
End of renderPixels
End of renderPixels
End of renderPixels
End of renderPixels
End of renderPixels
End of renderPixels
End of renderPixels
End of renderPixels
End of renderPixels
End of renderPixels
End of renderPixels
End of renderPixels
End of renderPixels
End of renderPixels
End of renderPixels
End of renderPixels
End of renderPixels
End of renderPixels
End of renderPixels
End of renderPixels
End of renderPixels
End of renderPixels
End of renderPixels
End of renderPixels
End of renderPixels
End of renderPixels
End of renderPixels
End of renderPixels
End of renderPixels
End of renderPixels
End of renderPixels
End of renderPixels
End of renderPixels
End of renderPixels
End of renderPixels
End of renderPixels
End of renderPixels
End of renderPixels
End of renderPixels
End of renderPixels
End of renderPixels
End of renderPixels
End of renderPixels
End of renderPixels
End of renderPixels
End of renderPixels
End of renderPixels
End of renderPixels
End of renderPixels
End of renderPixels
End of renderPixels
End of renderPixels
End of renderPixels
End of renderPixels
End of renderPixels
End of renderPixels
End of renderPixels
End of renderPixels
End of renderPixels
End of renderPixels
End of renderPixels
End of renderPixels
End of renderPixels
End of renderPixels
End of renderPixels
End of renderPixels
End of renderPixels
End of renderPixels
End of renderPixels
End of renderPixels
End of renderPixels
End of renderPixels
End of renderPixels
End of renderPixels
End of renderPixels
End of renderPixels
End of renderPixels
End of renderPixels
End of renderPixels
End of renderPixels
End of renderPixels
End of renderPixels
End of renderPixels
End of renderPixels
End of renderPixels
End of renderPixels
End of renderPixels
End of renderPixels
End of renderPixels
End of renderPixels
End of renderPixels
End of renderPixels
End of renderPixels
End of renderPixels
End of renderPixels
End of renderPixels
End of renderPixels
End of renderPixels
End of renderPixels
End of renderPixels
End of renderPixels
End of renderPixels
End of renderPixels
End of renderPixels
End of renderPixels
End of renderPixels
End of renderPixels
End of renderPixels
End of renderPixels
End of renderPixels
End of renderPixels
End of renderPixels
End of renderPixels
End of renderPixels
End of renderPixels
End of renderPixels
End of renderPixels
End of renderPixels
End of renderPixels
End of renderPixels
End of renderPixels
End of renderPixels
End of renderPixels
End of renderPixels
End of renderPixels
End of renderPixels
End of renderPixels
End of renderPixels
End of renderPixels
End of renderPixels
End of renderPixels
End of renderPixels
End of renderPixels
End of renderPixels
End of renderPixels
End of renderPixels
End of renderPixels
End of renderPixels
End of renderPixels
End of renderPixels
End of renderPixels
End of renderPixels
End of renderPixels
End of renderPixels
End of renderPixels
End of renderPixels
End of renderPixels
End of renderPixels
End of renderPixels
End of renderPixels
End of renderPixels
End of renderPixels
End of renderPixels
End of renderPixels
End of renderPixels
End of renderPixels
End of renderPixels
End of renderPixels
End of renderPixels
End of renderPixels
End of renderPixels
End of renderPixels
End of renderPixels
End of renderPixels
End of renderPixels
End of renderPixels
End of renderPixels
End of renderPixels
End of renderPixels
End of renderPixels
End of renderPixels
End of renderPixels
End of renderPixels
End of renderPixels
End of renderPixels
End of renderPixels
End of renderPixels
End of renderPixels
End of renderPixels
End of renderPixels
End of renderPixels
End of renderPixels
End of renderPixels
End of renderPixels
End of renderPixels
End of renderPixels
End of renderPixels
End of renderPixels
End of renderPixels
End of renderPixels
End of renderPixels
End of renderPixels
End of renderPixels
End of renderPixels
End of renderPixels
End of renderPixels
End of renderPixels
End of renderPixels
End of renderPixels
End of renderPixels
End of renderPixels
End of renderPixels
End of renderPixels
End of renderPixels
End of renderPixels
End of renderPixels
End of renderPixels
End of renderPixels
End of renderPixels
End of renderPixels
End of renderPixels
End of renderPixels
End of renderPixels
End of renderPixels
End of renderPixels
End of renderPixels
End of renderPixels
End of renderPixels
End of renderPixels
End of renderPixels
End of renderPixels
End of renderPixels
End of renderPixels
End of renderPixels
End of renderPixels
End of renderPixels
End of renderPixels
End of renderPixels
End of renderPixels
End of renderPixels
End of renderPixels
End of renderPixels
End of renderPixels
End of renderPixels
End of renderPixels
End of renderPixels
End of renderPixels
End of renderPixels
End of renderPixels
End of renderPixels
End of renderPixels
End of renderPixels
End of renderPixels
End of renderPixels
End of renderPixels
End of renderPixels
End of renderPixels
End of renderPixels
End of renderPixels
End of renderPixels
End of renderPixels
End of renderPixels
End of renderPixels
End of renderPixels
End of renderPixels
End of renderPixels
End of renderPixels
End of renderPixels
End of renderPixels
End of renderPixels
End of renderPixels
End of renderPixels
End of renderPixels
End of renderPixels
End of renderPixels
End of renderPixels
End of renderPixels
End of renderPixels
End of renderPixels
End of renderPixels
End of renderPixels
End of renderPixels
End of renderPixels
End of renderPixels
End of renderPixels
End of renderPixels
End of renderPixels
End of renderPixels
End of renderPixels
End of renderPixels
End of renderPixels
End of renderPixels
End of renderPixels
End of renderPixels
End of renderPixels
End of renderPixels
End of renderPixels
End of renderPixels
End of renderPixels
End of renderPixels
End of renderPixels
End of renderPixels
End of renderPixels
End of renderPixels
End of renderPixels
End of renderPixels
End of renderPixels
End of renderPixels
End of renderPixels
End of renderPixels
End of renderPixels
End of renderPixels
End of renderPixels
End of renderPixels
End of renderPixels
End of renderPixels
End of renderPixels
End of renderPixels
End of renderPixels
End of renderPixels
End of renderPixels
End of renderPixels
End of renderPixels
End of renderPixels
End of renderPixels
End of renderPixels
End of renderPixels
End of renderPixels
End of renderPixels
End of renderPixels
End of renderPixels
End of renderPixels
End of renderPixels
End of renderPixels
End of renderPixels
End of renderPixels
End of renderPixels
End of renderPixels
End of renderPixels
End of renderPixels
End of renderPixels
End of renderPixels
End of renderPixels
End of renderPixels
End of renderPixels
End of renderPixels
End of renderPixels
End of renderPixels
End of renderPixels
End of renderPixels
End of renderPixels
End of renderPixels
End of renderPixels
End of renderPixels
End of renderPixels
End of renderPixels
End of renderPixels
End of renderPixels
End of renderPixels
End of renderPixels
End of renderPixels
End of renderPixels
End of renderPixels
End of renderPixels
End of renderPixels
End of renderPixels
End of renderPixels
End of renderPixels
End of renderPixels
End of renderPixels
End of renderPixels
End of renderPixels
End of renderPixels
End of renderPixels
End of renderPixels
End of renderPixels
End of renderPixels
End of renderPixels
End of renderPixels
End of renderPixels
End of renderPixels
End of renderPixels
End of renderPixels
End of renderPixels
End of renderPixels
End of renderPixels
End of renderPixels
End of renderPixels
End of renderPixels
End of renderPixels
End of renderPixels
End of renderPixels
End of renderPixels
End of renderPixels
End of renderPixels
End of renderPixels
End of renderPixels
End of renderPixels
End of renderPixels
End of renderPixels
End of renderPixels
End of renderPixels
End of renderPixels
End of renderPixels
End of renderPixels
End of renderPixels
End of renderPixels
End of renderPixels
End of renderPixels
End of renderPixels
End of renderPixels
End of renderPixels
End of renderPixels
End of renderPixels
End of renderPixels
End of renderPixels
End of renderPixels
End of renderPixels
End of renderPixels
End of renderPixels
End of renderPixels
End of renderPixels
End of renderPixels
End of renderPixels
End of renderPixels
End of renderPixels
End of renderPixels
End of renderPixels
End of renderPixels
End of renderPixels
End of renderPixels
End of renderPixels
End of renderPixels
End of renderPixels
End of renderPixels
End of renderPixels
End of renderPixels
End of renderPixels
End of renderPixels
End of renderPixels
End of renderPixels
End of renderPixels
End of renderPixels
End of renderPixels
End of renderPixels
End of renderPixels
End of renderPixels
End of renderPixels
End of renderPixels
End of renderPixels
End of renderPixels
End of renderPixels
End of renderPixels
End of renderPixels
End of renderPixels
End of renderPixels
End of renderPixels
End of renderPixels
End of renderPixels
End of renderPixels
End of renderPixels
End of renderPixels
End of renderPixels
End of renderPixels
End of renderPixels
End of renderPixels
End of renderPixels
End of renderPixels
End of renderPixels
End of renderPixels
End of renderPixels
End of renderPixels
End of renderPixels
End of renderPixels
End of renderPixels
End of renderPixels
End of renderPixels
End of renderPixels
End of renderPixels
End of renderPixels
End of renderPixels
End of renderPixels
End of renderPixels
End of renderPixels
End of renderPixels
End of renderPixels
End of renderPixels
End of renderPixels
End of renderPixels
End of renderPixels
End of renderPixels
End of renderPixels
End of renderPixels
End of renderPixels
End of renderPixels
End of renderPixels
End of renderPixels
End of renderPixels
End of renderPixels
End of renderPixels
End of renderPixels
End of renderPixels
End of renderPixels
End of renderPixels
End of renderPixels
End of renderPixels
End of renderPixels
End of renderPixels
End of renderPixels
End of renderPixels
End of renderPixels
End of renderPixels
End of renderPixels
End of renderPixels
End of renderPixels
End of renderPixels
End of renderPixels
End of renderPixels
End of renderPixels
End of renderPixels
End of renderPixels
End of renderPixels
End of renderPixels
End of renderPixels
End of renderPixels
End of renderPixels
End of renderPixels
End of renderPixels
End of renderPixels
End of renderPixels
End of renderPixels
End of renderPixels
End of renderPixels
End of renderPixels
End of renderPixels
End of renderPixels
End of renderPixels
End of renderPixels
End of renderPixels
End of renderPixels
End of renderPixels
End of renderPixels
End of renderPixels
End of renderPixels
End of renderPixels
End of renderPixels
End of renderPixels
End of renderPixels
End of renderPixels
End of renderPixels
End of renderPixels
End of renderPixels
End of renderPixels
End of renderPixels
End of renderPixels
End of renderPixels
End of renderPixels
End of renderPixels
End of renderPixels
End of renderPixels
End of renderPixels
End of renderPixels
End of renderPixels
End of renderPixels
End of renderPixels
End of renderPixels
End of renderPixels
End of renderPixels
End of renderPixels
End of renderPixels
End of renderPixels
End of renderPixels
End of renderPixels
End of renderPixels
End of renderPixels
End of renderPixels
End of renderPixels
End of renderPixels
End of renderPixels
End of renderPixels
End of renderPixels
End of renderPixels
End of renderPixels
End of renderPixels
End of renderPixels
End of renderPixels
End of renderPixels
End of renderPixels
End of renderPixels
End of renderPixels
End of renderPixels
End of renderPixels
End of renderPixels
End of renderPixels
End of renderPixels
End of renderPixels
End of renderPixels
End of renderPixels
End of renderPixels
End of renderPixels
End of renderPixels
End of renderPixels
End of renderPixels
End of renderPixels
End of renderPixels
End of renderPixels
End of renderPixels
End of renderPixels
End of renderPixels
End of renderPixels
End of renderPixels
End of renderPixels
End of renderPixels
End of renderPixels
End of renderPixels
End of renderPixels
End of renderPixels
End of renderPixels
End of renderPixels
End of renderPixels
End of renderPixels
End of renderPixels
End of renderPixels
End of renderPixels
End of renderPixels
End of renderPixels
End of renderPixels
End of renderPixels
End of renderPixels
End of renderPixels
End of renderPixels
End of renderPixels
End of renderPixels
End of renderPixels
End of renderPixels
End of renderPixels
End of renderPixels
End of renderPixels
End of renderPixels
End of renderPixels
End of renderPixels
End of renderPixels
End of renderPixels
End of renderPixels
End of renderPixels
End of renderPixels
End of renderPixels
End of renderPixels
End of renderPixels
End of renderPixels
End of renderPixels
End of renderPixels
End of renderPixels
End of renderPixels
End of renderPixels
End of renderPixels
End of renderPixels
End of renderPixels
End of renderPixels
End of renderPixels
End of renderPixels
End of renderPixels
End of renderPixels
End of renderPixels
End of renderPixels
End of renderPixels
End of renderPixels
End of renderPixels
End of renderPixels
End of renderPixels
End of renderPixels
End of renderPixels
End of renderPixels
End of renderPixels
End of renderPixels
End of renderPixels
End of renderPixels
End of renderPixels
End of renderPixels
End of renderPixels
End of renderPixels
End of renderPixels
framebuffer: i: 16 r: 0 c: 16
framebuffer: i: 17 r: 0 c: 17
framebuffer: i: 18 r: 0 c: 18
framebuffer: i: 19 r: 0 c: 19
framebuffer: i: 20 r: 0 c: 20
framebuffer: i: 21 r: 0 c: 21
framebuffer: i: 22 r: 0 c: 22
framebuffer: i: 23 r: 0 c: 23
framebuffer: i: 24 r: 0 c: 24
framebuffer: i: 25 r: 0 c: 25
framebuffer: i: 26 r: 0 c: 26
framebuffer: i: 27 r: 0 c: 27
framebuffer: i: 28 r: 0 c: 28
framebuffer: i: 29 r: 0 c: 29
framebuffer: i: 30 r: 0 c: 30
framebuffer: i: 31 r: 0 c: 31
framebuffer: i: 48 r: 1 c: 16
framebuffer: i: 49 r: 1 c: 17
framebuffer: i: 50 r: 1 c: 18
framebuffer: i: 51 r: 1 c: 19
framebuffer: i: 52 r: 1 c: 20
framebuffer: i: 53 r: 1 c: 21
framebuffer: i: 54 r: 1 c: 22
framebuffer: i: 55 r: 1 c: 23
framebuffer: i: 56 r: 1 c: 24
framebuffer: i: 57 r: 1 c: 25
framebuffer: i: 58 r: 1 c: 26
framebuffer: i: 59 r: 1 c: 27
framebuffer: i: 60 r: 1 c: 28
framebuffer: i: 61 r: 1 c: 29
framebuffer: i: 62 r: 1 c: 30
framebuffer: i: 63 r: 1 c: 31
framebuffer: i: 512 r: 16 c: 0
framebuffer: i: 513 r: 16 c: 1
framebuffer: i: 514 r: 16 c: 2
framebuffer: i: 515 r: 16 c: 3
framebuffer: i: 516 r: 16 c: 4
framebuffer: i: 517 r: 16 c: 5
framebuffer: i: 518 r: 16 c: 6
framebuffer: i: 519 r: 16 c: 7
framebuffer: i: 520 r: 16 c: 8
framebuffer: i: 521 r: 16 c: 9
framebuffer: i: 522 r: 16 c: 10
framebuffer: i: 523 r: 16 c: 11
framebuffer: i: 524 r: 16 c: 12
framebuffer: i: 525 r: 16 c: 13
framebuffer: i: 526 r: 16 c: 14
framebuffer: i: 527 r: 16 c: 15
framebuffer: i: 544 r: 17 c: 0
framebuffer: i: 545 r: 17 c: 1
framebuffer: i: 546 r: 17 c: 2
framebuffer: i: 547 r: 17 c: 3
framebuffer: i: 548 r: 17 c: 4
framebuffer: i: 549 r: 17 c: 5
framebuffer: i: 550 r: 17 c: 6
framebuffer: i: 551 r: 17 c: 7
framebuffer: i: 552 r: 17 c: 8
framebuffer: i: 553 r: 17 c: 9
framebuffer: i: 554 r: 17 c: 10
framebuffer: i: 555 r: 17 c: 11
framebuffer: i: 556 r: 17 c: 12
framebuffer: i: 557 r: 17 c: 13
framebuffer: i: 558 r: 17 c: 14
framebuffer: i: 559 r: 17 c: 15
framebuffer: i: 720 r: 22 c: 16
framebuffer: i: 721 r: 22 c: 17
framebuffer: i: 722 r: 22 c: 18
framebuffer: i: 723 r: 22 c: 19
framebuffer: i: 724 r: 22 c: 20
framebuffer: i: 725 r: 22 c: 21
framebuffer: i: 726 r: 22 c: 22
framebuffer: i: 727 r: 22 c: 23
framebuffer: i: 728 r: 22 c: 24
framebuffer: i: 729 r: 22 c: 25
framebuffer: i: 730 r: 22 c: 26
framebuffer: i: 731 r: 22 c: 27
framebuffer: i: 732 r: 22 c: 28
framebuffer: i: 733 r: 22 c: 29
framebuffer: i: 734 r: 22 c: 30
framebuffer: i: 735 r: 22 c: 31
framebuffer: i: 752 r: 23 c: 16
framebuffer: i: 753 r: 23 c: 17
framebuffer: i: 754 r: 23 c: 18
framebuffer: i: 755 r: 23 c: 19
framebuffer: i: 756 r: 23 c: 20
framebuffer: i: 757 r: 23 c: 21
framebuffer: i: 758 r: 23 c: 22
framebuffer: i: 759 r: 23 c: 23
framebuffer: i: 760 r: 23 c: 24
framebuffer: i: 761 r: 23 c: 25
framebuffer: i: 762 r: 23 c: 26
framebuffer: i: 763 r: 23 c: 27
framebuffer: i: 764 r: 23 c: 28
framebuffer: i: 765 r: 23 c: 29
framebuffer: i: 766 r: 23 c: 30
framebuffer: i: 767 r: 23 c: 31
framebuffer: i: 912 r: 28 c: 16
framebuffer: i: 913 r: 28 c: 17
framebuffer: i: 914 r: 28 c: 18
framebuffer: i: 915 r: 28 c: 19
framebuffer: i: 916 r: 28 c: 20
framebuffer: i: 917 r: 28 c: 21
framebuffer: i: 918 r: 28 c: 22
framebuffer: i: 919 r: 28 c: 23
framebuffer: i: 920 r: 28 c: 24
framebuffer: i: 921 r: 28 c: 25
framebuffer: i: 922 r: 28 c: 26
framebuffer: i: 923 r: 28 c: 27
framebuffer: i: 924 r: 28 c: 28
framebuffer: i: 925 r: 28 c: 29
framebuffer: i: 926 r: 28 c: 30
framebuffer: i: 927 r: 28 c: 31
framebuffer: i: 944 r: 29 c: 16
framebuffer: i: 945 r: 29 c: 17
framebuffer: i: 946 r: 29 c: 18
framebuffer: i: 947 r: 29 c: 19
framebuffer: i: 948 r: 29 c: 20
framebuffer: i: 949 r: 29 c: 21
framebuffer: i: 950 r: 29 c: 22
framebuffer: i: 951 r: 29 c: 23
framebuffer: i: 952 r: 29 c: 24
framebuffer: i: 953 r: 29 c: 25
framebuffer: i: 954 r: 29 c: 26
framebuffer: i: 955 r: 29 c: 27
framebuffer: i: 956 r: 29 c: 28
framebuffer: i: 957 r: 29 c: 29
framebuffer: i: 958 r: 29 c: 30
framebuffer: i: 959 r: 29 c: 31
framebuffer: i: 656 r: 20 c: 16
framebuffer: i: 657 r: 20 c: 17
framebuffer: i: 658 r: 20 c: 18
framebuffer: i: 659 r: 20 c: 19
framebuffer: i: 660 r: 20 c: 20
framebuffer: i: 661 r: 20 c: 21
framebuffer: i: 662 r: 20 c: 22
framebuffer: i: 663 r: 20 c: 23
framebuffer: i: 664 r: 20 c: 24
framebuffer: i: 665 r: 20 c: 25
framebuffer: i: 666 r: 20 c: 26
framebuffer: i: 667 r: 20 c: 27
framebuffer: i: 668 r: 20 c: 28
framebuffer: i: 669 r: 20 c: 29
framebuffer: i: 670 r: 20 c: 30
framebuffer: i: 671 r: 20 c: 31
framebuffer: i: 688 r: 21 c: 16
framebuffer: i: 689 r: 21 c: 17
framebuffer: i: 690 r: 21 c: 18
framebuffer: i: 691 r: 21 c: 19
framebuffer: i: 692 r: 21 c: 20
framebuffer: i: 693 r: 21 c: 21
framebuffer: i: 694 r: 21 c: 22
framebuffer: i: 695 r: 21 c: 23
framebuffer: i: 696 r: 21 c: 24
framebuffer: i: 697 r: 21 c: 25
framebuffer: i: 698 r: 21 c: 26
framebuffer: i: 699 r: 21 c: 27
framebuffer: i: 700 r: 21 c: 28
framebuffer: i: 701 r: 21 c: 29
framebuffer: i: 702 r: 21 c: 30
framebuffer: i: 703 r: 21 c: 31
framebuffer: i: 128 r: 4 c: 0
framebuffer: i: 129 r: 4 c: 1
framebuffer: i: 130 r: 4 c: 2
framebuffer: i: 131 r: 4 c: 3
framebuffer: i: 132 r: 4 c: 4
framebuffer: i: 133 r: 4 c: 5
framebuffer: i: 134 r: 4 c: 6
framebuffer: i: 135 r: 4 c: 7
framebuffer: i: 136 r: 4 c: 8
framebuffer: i: 137 r: 4 c: 9
framebuffer: i: 138 r: 4 c: 10
framebuffer: i: 139 r: 4 c: 11
framebuffer: i: 140 r: 4 c: 12
framebuffer: i: 141 r: 4 c: 13
framebuffer: i: 142 r: 4 c: 14
framebuffer: i: 143 r: 4 c: 15
framebuffer: i: 160 r: 5 c: 0
framebuffer: i: 161 r: 5 c: 1
framebuffer: i: 162 r: 5 c: 2
framebuffer: i: 163 r: 5 c: 3
framebuffer: i: 164 r: 5 c: 4
framebuffer: i: 165 r: 5 c: 5
framebuffer: i: 166 r: 5 c: 6
framebuffer: i: 167 r: 5 c: 7
framebuffer: i: 168 r: 5 c: 8
framebuffer: i: 169 r: 5 c: 9
framebuffer: i: 170 r: 5 c: 10
framebuffer: i: 171 r: 5 c: 11
framebuffer: i: 172 r: 5 c: 12
framebuffer: i: 173 r: 5 c: 13
framebuffer: i: 174 r: 5 c: 14
framebuffer: i: 175 r: 5 c: 15
framebuffer: i: 704 r: 22 c: 0
framebuffer: i: 705 r: 22 c: 1
framebuffer: i: 706 r: 22 c: 2
framebuffer: i: 707 r: 22 c: 3
framebuffer: i: 708 r: 22 c: 4
framebuffer: i: 709 r: 22 c: 5
framebuffer: i: 710 r: 22 c: 6
framebuffer: i: 711 r: 22 c: 7
framebuffer: i: 712 r: 22 c: 8
framebuffer: i: 713 r: 22 c: 9
framebuffer: i: 714 r: 22 c: 10
framebuffer: i: 715 r: 22 c: 11
framebuffer: i: 716 r: 22 c: 12
framebuffer: i: 717 r: 22 c: 13
framebuffer: i: 718 r: 22 c: 14
framebuffer: i: 719 r: 22 c: 15
framebuffer: i: 736 r: 23 c: 0
framebuffer: i: 737 r: 23 c: 1
framebuffer: i: 738 r: 23 c: 2
framebuffer: i: 739 r: 23 c: 3
framebuffer: i: 740 r: 23 c: 4
framebuffer: i: 741 r: 23 c: 5
framebuffer: i: 742 r: 23 c: 6
framebuffer: i: 743 r: 23 c: 7
framebuffer: i: 744 r: 23 c: 8
framebuffer: i: 745 r: 23 c: 9
framebuffer: i: 746 r: 23 c: 10
framebuffer: i: 747 r: 23 c: 11
framebuffer: i: 748 r: 23 c: 12
framebuffer: i: 749 r: 23 c: 13
framebuffer: i: 750 r: 23 c: 14
framebuffer: i: 751 r: 23 c: 15
framebuffer: i: 192 r: 6 c: 0
framebuffer: i: 193 r: 6 c: 1
framebuffer: i: 194 r: 6 c: 2
framebuffer: i: 195 r: 6 c: 3
framebuffer: i: 196 r: 6 c: 4
framebuffer: i: 197 r: 6 c: 5
framebuffer: i: 198 r: 6 c: 6
framebuffer: i: 199 r: 6 c: 7
framebuffer: i: 200 r: 6 c: 8
framebuffer: i: 201 r: 6 c: 9
framebuffer: i: 202 r: 6 c: 10
framebuffer: i: 203 r: 6 c: 11
framebuffer: i: 204 r: 6 c: 12
framebuffer: i: 205 r: 6 c: 13
framebuffer: i: 206 r: 6 c: 14
framebuffer: i: 207 r: 6 c: 15
framebuffer: i: 224 r: 7 c: 0
framebuffer: i: 225 r: 7 c: 1
framebuffer: i: 226 r: 7 c: 2
framebuffer: i: 227 r: 7 c: 3
framebuffer: i: 228 r: 7 c: 4
framebuffer: i: 229 r: 7 c: 5
framebuffer: i: 230 r: 7 c: 6
framebuffer: i: 231 r: 7 c: 7
framebuffer: i: 232 r: 7 c: 8
framebuffer: i: 233 r: 7 c: 9
framebuffer: i: 234 r: 7 c: 10
framebuffer: i: 235 r: 7 c: 11
framebuffer: i: 236 r: 7 c: 12
framebuffer: i: 237 r: 7 c: 13
framebuffer: i: 238 r: 7 c: 14
framebuffer: i: 239 r: 7 c: 15
framebuffer: i: 640 r: 20 c: 0
framebuffer: i: 641 r: 20 c: 1
framebuffer: i: 642 r: 20 c: 2
framebuffer: i: 643 r: 20 c: 3
framebuffer: i: 644 r: 20 c: 4
framebuffer: i: 645 r: 20 c: 5
framebuffer: i: 646 r: 20 c: 6
framebuffer: i: 647 r: 20 c: 7
framebuffer: i: 648 r: 20 c: 8
framebuffer: i: 649 r: 20 c: 9
framebuffer: i: 650 r: 20 c: 10
framebuffer: i: 651 r: 20 c: 11
framebuffer: i: 652 r: 20 c: 12
framebuffer: i: 653 r: 20 c: 13
framebuffer: i: 654 r: 20 c: 14
framebuffer: i: 655 r: 20 c: 15
framebuffer: i: 672 r: 21 c: 0
framebuffer: i: 673 r: 21 c: 1
framebuffer: i: 674 r: 21 c: 2
framebuffer: i: 675 r: 21 c: 3
framebuffer: i: 676 r: 21 c: 4
framebuffer: i: 677 r: 21 c: 5
framebuffer: i: 678 r: 21 c: 6
framebuffer: i: 679 r: 21 c: 7
framebuffer: i: 680 r: 21 c: 8
framebuffer: i: 681 r: 21 c: 9
framebuffer: i: 682 r: 21 c: 10
framebuffer: i: 683 r: 21 c: 11
framebuffer: i: 684 r: 21 c: 12
framebuffer: i: 685 r: 21 c: 13
framebuffer: i: 686 r: 21 c: 14
framebuffer: i: 687 r: 21 c: 15
framebuffer: i: 80 r: 2 c: 16
framebuffer: i: 81 r: 2 c: 17
framebuffer: i: 82 r: 2 c: 18
framebuffer: i: 83 r: 2 c: 19
framebuffer: i: 84 r: 2 c: 20
framebuffer: i: 85 r: 2 c: 21
framebuffer: i: 86 r: 2 c: 22
framebuffer: i: 87 r: 2 c: 23
framebuffer: i: 88 r: 2 c: 24
framebuffer: i: 89 r: 2 c: 25
framebuffer: i: 90 r: 2 c: 26
framebuffer: i: 91 r: 2 c: 27
framebuffer: i: 92 r: 2 c: 28
framebuffer: i: 93 r: 2 c: 29
framebuffer: i: 94 r: 2 c: 30
framebuffer: i: 95 r: 2 c: 31
framebuffer: i: 112 r: 3 c: 16
framebuffer: i: 113 r: 3 c: 17
framebuffer: i: 114 r: 3 c: 18
framebuffer: i: 115 r: 3 c: 19
framebuffer: i: 116 r: 3 c: 20
framebuffer: i: 117 r: 3 c: 21
framebuffer: i: 118 r: 3 c: 22
framebuffer: i: 119 r: 3 c: 23
framebuffer: i: 120 r: 3 c: 24
framebuffer: i: 121 r: 3 c: 25
framebuffer: i: 122 r: 3 c: 26
framebuffer: i: 123 r: 3 c: 27
framebuffer: i: 124 r: 3 c: 28
framebuffer: i: 125 r: 3 c: 29
framebuffer: i: 126 r: 3 c: 30
framebuffer: i: 127 r: 3 c: 31
framebuffer: i: 272 r: 8 c: 16
framebuffer: i: 273 r: 8 c: 17
framebuffer: i: 274 r: 8 c: 18
framebuffer: i: 275 r: 8 c: 19
framebuffer: i: 276 r: 8 c: 20
framebuffer: i: 277 r: 8 c: 21
framebuffer: i: 278 r: 8 c: 22
framebuffer: i: 279 r: 8 c: 23
framebuffer: i: 280 r: 8 c: 24
framebuffer: i: 281 r: 8 c: 25
framebuffer: i: 282 r: 8 c: 26
framebuffer: i: 283 r: 8 c: 27
framebuffer: i: 284 r: 8 c: 28
framebuffer: i: 285 r: 8 c: 29
framebuffer: i: 286 r: 8 c: 30
framebuffer: i: 287 r: 8 c: 31
framebuffer: i: 304 r: 9 c: 16
framebuffer: i: 305 r: 9 c: 17
framebuffer: i: 306 r: 9 c: 18
framebuffer: i: 307 r: 9 c: 19
framebuffer: i: 308 r: 9 c: 20
framebuffer: i: 309 r: 9 c: 21
framebuffer: i: 310 r: 9 c: 22
framebuffer: i: 311 r: 9 c: 23
framebuffer: i: 312 r: 9 c: 24
framebuffer: i: 313 r: 9 c: 25
framebuffer: i: 314 r: 9 c: 26
framebuffer: i: 315 r: 9 c: 27
framebuffer: i: 316 r: 9 c: 28
framebuffer: i: 317 r: 9 c: 29
framebuffer: i: 318 r: 9 c: 30
framebuffer: i: 319 r: 9 c: 31
framebuffer: i: 768 r: 24 c: 0
framebuffer: i: 769 r: 24 c: 1
framebuffer: i: 770 r: 24 c: 2
framebuffer: i: 771 r: 24 c: 3
framebuffer: i: 772 r: 24 c: 4
framebuffer: i: 773 r: 24 c: 5
framebuffer: i: 774 r: 24 c: 6
framebuffer: i: 775 r: 24 c: 7
framebuffer: i: 776 r: 24 c: 8
framebuffer: i: 777 r: 24 c: 9
framebuffer: i: 778 r: 24 c: 10
framebuffer: i: 779 r: 24 c: 11
framebuffer: i: 780 r: 24 c: 12
framebuffer: i: 781 r: 24 c: 13
framebuffer: i: 782 r: 24 c: 14
framebuffer: i: 783 r: 24 c: 15
framebuffer: i: 800 r: 25 c: 0
framebuffer: i: 801 r: 25 c: 1
framebuffer: i: 802 r: 25 c: 2
framebuffer: i: 803 r: 25 c: 3
framebuffer: i: 804 r: 25 c: 4
framebuffer: i: 805 r: 25 c: 5
framebuffer: i: 806 r: 25 c: 6
framebuffer: i: 807 r: 25 c: 7
framebuffer: i: 808 r: 25 c: 8
framebuffer: i: 809 r: 25 c: 9
framebuffer: i: 810 r: 25 c: 10
framebuffer: i: 811 r: 25 c: 11
framebuffer: i: 812 r: 25 c: 12
framebuffer: i: 813 r: 25 c: 13
framebuffer: i: 814 r: 25 c: 14
framebuffer: i: 815 r: 25 c: 15
framebuffer: i: 576 r: 18 c: 0
framebuffer: i: 577 r: 18 c: 1
framebuffer: i: 578 r: 18 c: 2
framebuffer: i: 579 r: 18 c: 3
framebuffer: i: 580 r: 18 c: 4
framebuffer: i: 581 r: 18 c: 5
framebuffer: i: 582 r: 18 c: 6
framebuffer: i: 583 r: 18 c: 7
framebuffer: i: 584 r: 18 c: 8
framebuffer: i: 585 r: 18 c: 9
framebuffer: i: 586 r: 18 c: 10
framebuffer: i: 587 r: 18 c: 11
framebuffer: i: 588 r: 18 c: 12
framebuffer: i: 589 r: 18 c: 13
framebuffer: i: 590 r: 18 c: 14
framebuffer: i: 591 r: 18 c: 15
framebuffer: i: 608 r: 19 c: 0
framebuffer: i: 609 r: 19 c: 1
framebuffer: i: 610 r: 19 c: 2
framebuffer: i: 611 r: 19 c: 3
framebuffer: i: 612 r: 19 c: 4
framebuffer: i: 613 r: 19 c: 5
framebuffer: i: 614 r: 19 c: 6
framebuffer: i: 615 r: 19 c: 7
framebuffer: i: 616 r: 19 c: 8
framebuffer: i: 617 r: 19 c: 9
framebuffer: i: 618 r: 19 c: 10
framebuffer: i: 619 r: 19 c: 11
framebuffer: i: 620 r: 19 c: 12
framebuffer: i: 621 r: 19 c: 13
framebuffer: i: 622 r: 19 c: 14
framebuffer: i: 623 r: 19 c: 15
framebuffer: i: 592 r: 18 c: 16
framebuffer: i: 593 r: 18 c: 17
framebuffer: i: 594 r: 18 c: 18
framebuffer: i: 595 r: 18 c: 19
framebuffer: i: 596 r: 18 c: 20
framebuffer: i: 597 r: 18 c: 21
framebuffer: i: 598 r: 18 c: 22
framebuffer: i: 599 r: 18 c: 23
framebuffer: i: 600 r: 18 c: 24
framebuffer: i: 601 r: 18 c: 25
framebuffer: i: 602 r: 18 c: 26
framebuffer: i: 603 r: 18 c: 27
framebuffer: i: 604 r: 18 c: 28
framebuffer: i: 605 r: 18 c: 29
framebuffer: i: 606 r: 18 c: 30
framebuffer: i: 607 r: 18 c: 31
framebuffer: i: 624 r: 19 c: 16
framebuffer: i: 625 r: 19 c: 17
framebuffer: i: 626 r: 19 c: 18
framebuffer: i: 627 r: 19 c: 19
framebuffer: i: 628 r: 19 c: 20
framebuffer: i: 629 r: 19 c: 21
framebuffer: i: 630 r: 19 c: 22
framebuffer: i: 631 r: 19 c: 23
framebuffer: i: 632 r: 19 c: 24
framebuffer: i: 633 r: 19 c: 25
framebuffer: i: 634 r: 19 c: 26
framebuffer: i: 635 r: 19 c: 27
framebuffer: i: 636 r: 19 c: 28
framebuffer: i: 637 r: 19 c: 29
framebuffer: i: 638 r: 19 c: 30
framebuffer: i: 639 r: 19 c: 31
framebuffer: i: 448 r: 14 c: 0
framebuffer: i: 449 r: 14 c: 1
framebuffer: i: 450 r: 14 c: 2
framebuffer: i: 451 r: 14 c: 3
framebuffer: i: 452 r: 14 c: 4
framebuffer: i: 453 r: 14 c: 5
framebuffer: i: 454 r: 14 c: 6
framebuffer: i: 455 r: 14 c: 7
framebuffer: i: 456 r: 14 c: 8
framebuffer: i: 457 r: 14 c: 9
framebuffer: i: 458 r: 14 c: 10
framebuffer: i: 459 r: 14 c: 11
framebuffer: i: 460 r: 14 c: 12
framebuffer: i: 461 r: 14 c: 13
framebuffer: i: 462 r: 14 c: 14
framebuffer: i: 463 r: 14 c: 15
framebuffer: i: 480 r: 15 c: 0
framebuffer: i: 481 r: 15 c: 1
framebuffer: i: 482 r: 15 c: 2
framebuffer: i: 483 r: 15 c: 3
framebuffer: i: 484 r: 15 c: 4
framebuffer: i: 485 r: 15 c: 5
framebuffer: i: 486 r: 15 c: 6
framebuffer: i: 487 r: 15 c: 7
framebuffer: i: 488 r: 15 c: 8
framebuffer: i: 489 r: 15 c: 9
framebuffer: i: 490 r: 15 c: 10
framebuffer: i: 491 r: 15 c: 11
framebuffer: i: 492 r: 15 c: 12
framebuffer: i: 493 r: 15 c: 13
framebuffer: i: 494 r: 15 c: 14
framebuffer: i: 495 r: 15 c: 15
framebuffer: i: 384 r: 12 c: 0
framebuffer: i: 385 r: 12 c: 1
framebuffer: i: 386 r: 12 c: 2
framebuffer: i: 387 r: 12 c: 3
framebuffer: i: 388 r: 12 c: 4
framebuffer: i: 389 r: 12 c: 5
framebuffer: i: 390 r: 12 c: 6
framebuffer: i: 391 r: 12 c: 7
framebuffer: i: 392 r: 12 c: 8
framebuffer: i: 393 r: 12 c: 9
framebuffer: i: 394 r: 12 c: 10
framebuffer: i: 395 r: 12 c: 11
framebuffer: i: 396 r: 12 c: 12
framebuffer: i: 397 r: 12 c: 13
framebuffer: i: 398 r: 12 c: 14
framebuffer: i: 399 r: 12 c: 15
framebuffer: i: 416 r: 13 c: 0
framebuffer: i: 417 r: 13 c: 1
framebuffer: i: 418 r: 13 c: 2
framebuffer: i: 419 r: 13 c: 3
framebuffer: i: 420 r: 13 c: 4
framebuffer: i: 421 r: 13 c: 5
framebuffer: i: 422 r: 13 c: 6
framebuffer: i: 423 r: 13 c: 7
framebuffer: i: 424 r: 13 c: 8
framebuffer: i: 425 r: 13 c: 9
framebuffer: i: 426 r: 13 c: 10
framebuffer: i: 427 r: 13 c: 11
framebuffer: i: 428 r: 13 c: 12
framebuffer: i: 429 r: 13 c: 13
framebuffer: i: 430 r: 13 c: 14
framebuffer: i: 431 r: 13 c: 15
framebuffer: i: 960 r: 30 c: 0
framebuffer: i: 961 r: 30 c: 1
framebuffer: i: 962 r: 30 c: 2
framebuffer: i: 963 r: 30 c: 3
framebuffer: i: 964 r: 30 c: 4
framebuffer: i: 965 r: 30 c: 5
framebuffer: i: 966 r: 30 c: 6
framebuffer: i: 967 r: 30 c: 7
framebuffer: i: 968 r: 30 c: 8
framebuffer: i: 969 r: 30 c: 9
framebuffer: i: 970 r: 30 c: 10
framebuffer: i: 971 r: 30 c: 11
framebuffer: i: 972 r: 30 c: 12
framebuffer: i: 973 r: 30 c: 13
framebuffer: i: 974 r: 30 c: 14
framebuffer: i: 975 r: 30 c: 15
framebuffer: i: 992 r: 31 c: 0
framebuffer: i: 993 r: 31 c: 1
framebuffer: i: 994 r: 31 c: 2
framebuffer: i: 995 r: 31 c: 3
framebuffer: i: 996 r: 31 c: 4
framebuffer: i: 997 r: 31 c: 5
framebuffer: i: 998 r: 31 c: 6
framebuffer: i: 999 r: 31 c: 7
framebuffer: i: 1000 r: 31 c: 8
framebuffer: i: 1001 r: 31 c: 9
framebuffer: i: 1002 r: 31 c: 10
framebuffer: i: 1003 r: 31 c: 11
framebuffer: i: 1004 r: 31 c: 12
framebuffer: i: 1005 r: 31 c: 13
framebuffer: i: 1006 r: 31 c: 14
framebuffer: i: 1007 r: 31 c: 15
framebuffer: i: 896 r: 28 c: 0
framebuffer: i: 897 r: 28 c: 1
framebuffer: i: 898 r: 28 c: 2
framebuffer: i: 899 r: 28 c: 3
framebuffer: i: 900 r: 28 c: 4
framebuffer: i: 901 r: 28 c: 5
framebuffer: i: 902 r: 28 c: 6
framebuffer: i: 903 r: 28 c: 7
framebuffer: i: 904 r: 28 c: 8
framebuffer: i: 905 r: 28 c: 9
framebuffer: i: 906 r: 28 c: 10
framebuffer: i: 907 r: 28 c: 11
framebuffer: i: 908 r: 28 c: 12
framebuffer: i: 909 r: 28 c: 13
framebuffer: i: 910 r: 28 c: 14
framebuffer: i: 911 r: 28 c: 15
framebuffer: i: 928 r: 29 c: 0
framebuffer: i: 929 r: 29 c: 1
framebuffer: i: 930 r: 29 c: 2
framebuffer: i: 931 r: 29 c: 3
framebuffer: i: 932 r: 29 c: 4
framebuffer: i: 933 r: 29 c: 5
framebuffer: i: 934 r: 29 c: 6
framebuffer: i: 935 r: 29 c: 7
framebuffer: i: 936 r: 29 c: 8
framebuffer: i: 937 r: 29 c: 9
framebuffer: i: 938 r: 29 c: 10
framebuffer: i: 939 r: 29 c: 11
framebuffer: i: 940 r: 29 c: 12
framebuffer: i: 941 r: 29 c: 13
framebuffer: i: 942 r: 29 c: 14
framebuffer: i: 943 r: 29 c: 15
framebuffer: i: 144 r: 4 c: 16
framebuffer: i: 145 r: 4 c: 17
framebuffer: i: 146 r: 4 c: 18
framebuffer: i: 147 r: 4 c: 19
framebuffer: i: 148 r: 4 c: 20
framebuffer: i: 149 r: 4 c: 21
framebuffer: i: 150 r: 4 c: 22
framebuffer: i: 151 r: 4 c: 23
framebuffer: i: 152 r: 4 c: 24
framebuffer: i: 153 r: 4 c: 25
framebuffer: i: 154 r: 4 c: 26
framebuffer: i: 155 r: 4 c: 27
framebuffer: i: 156 r: 4 c: 28
framebuffer: i: 157 r: 4 c: 29
framebuffer: i: 158 r: 4 c: 30
framebuffer: i: 159 r: 4 c: 31
framebuffer: i: 176 r: 5 c: 16
framebuffer: i: 177 r: 5 c: 17
framebuffer: i: 178 r: 5 c: 18
framebuffer: i: 179 r: 5 c: 19
framebuffer: i: 180 r: 5 c: 20
framebuffer: i: 181 r: 5 c: 21
framebuffer: i: 182 r: 5 c: 22
framebuffer: i: 183 r: 5 c: 23
framebuffer: i: 184 r: 5 c: 24
framebuffer: i: 185 r: 5 c: 25
framebuffer: i: 186 r: 5 c: 26
framebuffer: i: 187 r: 5 c: 27
framebuffer: i: 188 r: 5 c: 28
framebuffer: i: 189 r: 5 c: 29
framebuffer: i: 190 r: 5 c: 30
framebuffer: i: 191 r: 5 c: 31
framebuffer: i: 976 r: 30 c: 16
framebuffer: i: 977 r: 30 c: 17
framebuffer: i: 978 r: 30 c: 18
framebuffer: i: 979 r: 30 c: 19
framebuffer: i: 980 r: 30 c: 20
framebuffer: i: 981 r: 30 c: 21
framebuffer: i: 982 r: 30 c: 22
framebuffer: i: 983 r: 30 c: 23
framebuffer: i: 984 r: 30 c: 24
framebuffer: i: 985 r: 30 c: 25
framebuffer: i: 986 r: 30 c: 26
framebuffer: i: 987 r: 30 c: 27
framebuffer: i: 988 r: 30 c: 28
framebuffer: i: 989 r: 30 c: 29
framebuffer: i: 990 r: 30 c: 30
framebuffer: i: 991 r: 30 c: 31
framebuffer: i: 1008 r: 31 c: 16
framebuffer: i: 1009 r: 31 c: 17
framebuffer: i: 1010 r: 31 c: 18
framebuffer: i: 1011 r: 31 c: 19
framebuffer: i: 1012 r: 31 c: 20
framebuffer: i: 1013 r: 31 c: 21
framebuffer: i: 1014 r: 31 c: 22
framebuffer: i: 1015 r: 31 c: 23
framebuffer: i: 1016 r: 31 c: 24
framebuffer: i: 1017 r: 31 c: 25
framebuffer: i: 1018 r: 31 c: 26
framebuffer: i: 1019 r: 31 c: 27
framebuffer: i: 1020 r: 31 c: 28
framebuffer: i: 1021 r: 31 c: 29
framebuffer: i: 1022 r: 31 c: 30
framebuffer: i: 1023 r: 31 c: 31
framebuffer: i: 832 r: 26 c: 0
framebuffer: i: 833 r: 26 c: 1
framebuffer: i: 834 r: 26 c: 2
framebuffer: i: 835 r: 26 c: 3
framebuffer: i: 836 r: 26 c: 4
framebuffer: i: 837 r: 26 c: 5
framebuffer: i: 838 r: 26 c: 6
framebuffer: i: 839 r: 26 c: 7
framebuffer: i: 840 r: 26 c: 8
framebuffer: i: 841 r: 26 c: 9
framebuffer: i: 842 r: 26 c: 10
framebuffer: i: 843 r: 26 c: 11
framebuffer: i: 844 r: 26 c: 12
framebuffer: i: 845 r: 26 c: 13
framebuffer: i: 846 r: 26 c: 14
framebuffer: i: 847 r: 26 c: 15
framebuffer: i: 864 r: 27 c: 0
framebuffer: i: 865 r: 27 c: 1
framebuffer: i: 866 r: 27 c: 2
framebuffer: i: 867 r: 27 c: 3
framebuffer: i: 868 r: 27 c: 4
framebuffer: i: 869 r: 27 c: 5
framebuffer: i: 870 r: 27 c: 6
framebuffer: i: 871 r: 27 c: 7
framebuffer: i: 872 r: 27 c: 8
framebuffer: i: 873 r: 27 c: 9
framebuffer: i: 874 r: 27 c: 10
framebuffer: i: 875 r: 27 c: 11
framebuffer: i: 876 r: 27 c: 12
framebuffer: i: 877 r: 27 c: 13
framebuffer: i: 878 r: 27 c: 14
framebuffer: i: 879 r: 27 c: 15
framebuffer: i: 336 r: 10 c: 16
framebuffer: i: 337 r: 10 c: 17
framebuffer: i: 338 r: 10 c: 18
framebuffer: i: 339 r: 10 c: 19
framebuffer: i: 340 r: 10 c: 20
framebuffer: i: 341 r: 10 c: 21
framebuffer: i: 342 r: 10 c: 22
framebuffer: i: 343 r: 10 c: 23
framebuffer: i: 344 r: 10 c: 24
framebuffer: i: 345 r: 10 c: 25
framebuffer: i: 346 r: 10 c: 26
framebuffer: i: 347 r: 10 c: 27
framebuffer: i: 348 r: 10 c: 28
framebuffer: i: 349 r: 10 c: 29
framebuffer: i: 350 r: 10 c: 30
framebuffer: i: 351 r: 10 c: 31
framebuffer: i: 368 r: 11 c: 16
framebuffer: i: 369 r: 11 c: 17
framebuffer: i: 370 r: 11 c: 18
framebuffer: i: 371 r: 11 c: 19
framebuffer: i: 372 r: 11 c: 20
framebuffer: i: 373 r: 11 c: 21
framebuffer: i: 374 r: 11 c: 22
framebuffer: i: 375 r: 11 c: 23
framebuffer: i: 376 r: 11 c: 24
framebuffer: i: 377 r: 11 c: 25
framebuffer: i: 378 r: 11 c: 26
framebuffer: i: 379 r: 11 c: 27
framebuffer: i: 380 r: 11 c: 28
framebuffer: i: 381 r: 11 c: 29
framebuffer: i: 382 r: 11 c: 30
framebuffer: i: 383 r: 11 c: 31
framebuffer: i: 64 r: 2 c: 0
framebuffer: i: 65 r: 2 c: 1
framebuffer: i: 66 r: 2 c: 2
framebuffer: i: 67 r: 2 c: 3
framebuffer: i: 68 r: 2 c: 4
framebuffer: i: 69 r: 2 c: 5
framebuffer: i: 70 r: 2 c: 6
framebuffer: i: 71 r: 2 c: 7
framebuffer: i: 72 r: 2 c: 8
framebuffer: i: 73 r: 2 c: 9
framebuffer: i: 74 r: 2 c: 10
framebuffer: i: 75 r: 2 c: 11
framebuffer: i: 76 r: 2 c: 12
framebuffer: i: 77 r: 2 c: 13
framebuffer: i: 78 r: 2 c: 14
framebuffer: i: 79 r: 2 c: 15
framebuffer: i: 96 r: 3 c: 0
framebuffer: i: 97 r: 3 c: 1
framebuffer: i: 98 r: 3 c: 2
framebuffer: i: 99 r: 3 c: 3
framebuffer: i: 100 r: 3 c: 4
framebuffer: i: 101 r: 3 c: 5
framebuffer: i: 102 r: 3 c: 6
framebuffer: i: 103 r: 3 c: 7
framebuffer: i: 104 r: 3 c: 8
framebuffer: i: 105 r: 3 c: 9
framebuffer: i: 106 r: 3 c: 10
framebuffer: i: 107 r: 3 c: 11
framebuffer: i: 108 r: 3 c: 12
framebuffer: i: 109 r: 3 c: 13
framebuffer: i: 110 r: 3 c: 14
framebuffer: i: 111 r: 3 c: 15
framebuffer: i: 0 r: 0 c: 0
framebuffer: i: 1 r: 0 c: 1
framebuffer: i: 2 r: 0 c: 2
framebuffer: i: 3 r: 0 c: 3
framebuffer: i: 4 r: 0 c: 4
framebuffer: i: 5 r: 0 c: 5
framebuffer: i: 6 r: 0 c: 6
framebuffer: i: 7 r: 0 c: 7
framebuffer: i: 8 r: 0 c: 8
framebuffer: i: 9 r: 0 c: 9
framebuffer: i: 10 r: 0 c: 10
framebuffer: i: 11 r: 0 c: 11
framebuffer: i: 12 r: 0 c: 12
framebuffer: i: 13 r: 0 c: 13
framebuffer: i: 14 r: 0 c: 14
framebuffer: i: 15 r: 0 c: 15
framebuffer: i: 32 r: 1 c: 0
framebuffer: i: 33 r: 1 c: 1
framebuffer: i: 34 r: 1 c: 2
framebuffer: i: 35 r: 1 c: 3
framebuffer: i: 36 r: 1 c: 4
framebuffer: i: 37 r: 1 c: 5
framebuffer: i: 38 r: 1 c: 6
framebuffer: i: 39 r: 1 c: 7
framebuffer: i: 40 r: 1 c: 8
framebuffer: i: 41 r: 1 c: 9
framebuffer: i: 42 r: 1 c: 10
framebuffer: i: 43 r: 1 c: 11
framebuffer: i: 44 r: 1 c: 12
framebuffer: i: 45 r: 1 c: 13
framebuffer: i: 46 r: 1 c: 14
framebuffer: i: 47 r: 1 c: 15
framebuffer: i: 256 r: 8 c: 0
framebuffer: i: 257 r: 8 c: 1
framebuffer: i: 258 r: 8 c: 2
framebuffer: i: 259 r: 8 c: 3
framebuffer: i: 260 r: 8 c: 4
framebuffer: i: 261 r: 8 c: 5
framebuffer: i: 262 r: 8 c: 6
framebuffer: i: 263 r: 8 c: 7
framebuffer: i: 264 r: 8 c: 8
framebuffer: i: 265 r: 8 c: 9
framebuffer: i: 266 r: 8 c: 10
framebuffer: i: 267 r: 8 c: 11
framebuffer: i: 268 r: 8 c: 12
framebuffer: i: 269 r: 8 c: 13
framebuffer: i: 270 r: 8 c: 14
framebuffer: i: 271 r: 8 c: 15
framebuffer: i: 288 r: 9 c: 0
framebuffer: i: 289 r: 9 c: 1
framebuffer: i: 290 r: 9 c: 2
framebuffer: i: 291 r: 9 c: 3
framebuffer: i: 292 r: 9 c: 4
framebuffer: i: 293 r: 9 c: 5
framebuffer: i: 294 r: 9 c: 6
framebuffer: i: 295 r: 9 c: 7
framebuffer: i: 296 r: 9 c: 8
framebuffer: i: 297 r: 9 c: 9
framebuffer: i: 298 r: 9 c: 10
framebuffer: i: 299 r: 9 c: 11
framebuffer: i: 300 r: 9 c: 12
framebuffer: i: 301 r: 9 c: 13
framebuffer: i: 302 r: 9 c: 14
framebuffer: i: 303 r: 9 c: 15
framebuffer: i: 400 r: 12 c: 16
framebuffer: i: 401 r: 12 c: 17
framebuffer: i: 402 r: 12 c: 18
framebuffer: i: 403 r: 12 c: 19
framebuffer: i: 404 r: 12 c: 20
framebuffer: i: 405 r: 12 c: 21
framebuffer: i: 406 r: 12 c: 22
framebuffer: i: 407 r: 12 c: 23
framebuffer: i: 408 r: 12 c: 24
framebuffer: i: 409 r: 12 c: 25
framebuffer: i: 410 r: 12 c: 26
framebuffer: i: 411 r: 12 c: 27
framebuffer: i: 412 r: 12 c: 28
framebuffer: i: 413 r: 12 c: 29
framebuffer: i: 414 r: 12 c: 30
framebuffer: i: 415 r: 12 c: 31
framebuffer: i: 432 r: 13 c: 16
framebuffer: i: 433 r: 13 c: 17
framebuffer: i: 434 r: 13 c: 18
framebuffer: i: 435 r: 13 c: 19
framebuffer: i: 436 r: 13 c: 20
framebuffer: i: 437 r: 13 c: 21
framebuffer: i: 438 r: 13 c: 22
framebuffer: i: 439 r: 13 c: 23
framebuffer: i: 440 r: 13 c: 24
framebuffer: i: 441 r: 13 c: 25
framebuffer: i: 442 r: 13 c: 26
framebuffer: i: 443 r: 13 c: 27
framebuffer: i: 444 r: 13 c: 28
framebuffer: i: 445 r: 13 c: 29
framebuffer: i: 446 r: 13 c: 30
framebuffer: i: 447 r: 13 c: 31
framebuffer: i: 848 r: 26 c: 16
framebuffer: i: 849 r: 26 c: 17
framebuffer: i: 850 r: 26 c: 18
framebuffer: i: 851 r: 26 c: 19
framebuffer: i: 852 r: 26 c: 20
framebuffer: i: 853 r: 26 c: 21
framebuffer: i: 854 r: 26 c: 22
framebuffer: i: 855 r: 26 c: 23
framebuffer: i: 856 r: 26 c: 24
framebuffer: i: 857 r: 26 c: 25
framebuffer: i: 858 r: 26 c: 26
framebuffer: i: 859 r: 26 c: 27
framebuffer: i: 860 r: 26 c: 28
framebuffer: i: 861 r: 26 c: 29
framebuffer: i: 862 r: 26 c: 30
framebuffer: i: 863 r: 26 c: 31
framebuffer: i: 880 r: 27 c: 16
framebuffer: i: 881 r: 27 c: 17
framebuffer: i: 882 r: 27 c: 18
framebuffer: i: 883 r: 27 c: 19
framebuffer: i: 884 r: 27 c: 20
framebuffer: i: 885 r: 27 c: 21
framebuffer: i: 886 r: 27 c: 22
framebuffer: i: 887 r: 27 c: 23
framebuffer: i: 888 r: 27 c: 24
framebuffer: i: 889 r: 27 c: 25
framebuffer: i: 890 r: 27 c: 26
framebuffer: i: 891 r: 27 c: 27
framebuffer: i: 892 r: 27 c: 28
framebuffer: i: 893 r: 27 c: 29
framebuffer: i: 894 r: 27 c: 30
framebuffer: i: 895 r: 27 c: 31
framebuffer: i: 320 r: 10 c: 0
framebuffer: i: 321 r: 10 c: 1
framebuffer: i: 322 r: 10 c: 2
framebuffer: i: 323 r: 10 c: 3
framebuffer: i: 324 r: 10 c: 4
framebuffer: i: 325 r: 10 c: 5
framebuffer: i: 326 r: 10 c: 6
framebuffer: i: 327 r: 10 c: 7
framebuffer: i: 328 r: 10 c: 8
framebuffer: i: 329 r: 10 c: 9
framebuffer: i: 330 r: 10 c: 10
framebuffer: i: 331 r: 10 c: 11
framebuffer: i: 332 r: 10 c: 12
framebuffer: i: 333 r: 10 c: 13
framebuffer: i: 334 r: 10 c: 14
framebuffer: i: 335 r: 10 c: 15
framebuffer: i: 352 r: 11 c: 0
framebuffer: i: 353 r: 11 c: 1
framebuffer: i: 354 r: 11 c: 2
framebuffer: i: 355 r: 11 c: 3
framebuffer: i: 356 r: 11 c: 4
framebuffer: i: 357 r: 11 c: 5
framebuffer: i: 358 r: 11 c: 6
framebuffer: i: 359 r: 11 c: 7
framebuffer: i: 360 r: 11 c: 8
framebuffer: i: 361 r: 11 c: 9
framebuffer: i: 362 r: 11 c: 10
framebuffer: i: 363 r: 11 c: 11
framebuffer: i: 364 r: 11 c: 12
framebuffer: i: 365 r: 11 c: 13
framebuffer: i: 366 r: 11 c: 14
framebuffer: i: 367 r: 11 c: 15
framebuffer: i: 208 r: 6 c: 16
framebuffer: i: 209 r: 6 c: 17
framebuffer: i: 210 r: 6 c: 18
framebuffer: i: 211 r: 6 c: 19
framebuffer: i: 212 r: 6 c: 20
framebuffer: i: 213 r: 6 c: 21
framebuffer: i: 214 r: 6 c: 22
framebuffer: i: 215 r: 6 c: 23
framebuffer: i: 216 r: 6 c: 24
framebuffer: i: 217 r: 6 c: 25
framebuffer: i: 218 r: 6 c: 26
framebuffer: i: 219 r: 6 c: 27
framebuffer: i: 220 r: 6 c: 28
framebuffer: i: 221 r: 6 c: 29
framebuffer: i: 222 r: 6 c: 30
framebuffer: i: 223 r: 6 c: 31
framebuffer: i: 240 r: 7 c: 16
framebuffer: i: 241 r: 7 c: 17
framebuffer: i: 242 r: 7 c: 18
framebuffer: i: 243 r: 7 c: 19
framebuffer: i: 244 r: 7 c: 20
framebuffer: i: 245 r: 7 c: 21
framebuffer: i: 246 r: 7 c: 22
framebuffer: i: 247 r: 7 c: 23
framebuffer: i: 248 r: 7 c: 24
framebuffer: i: 249 r: 7 c: 25
framebuffer: i: 250 r: 7 c: 26
framebuffer: i: 251 r: 7 c: 27
framebuffer: i: 252 r: 7 c: 28
framebuffer: i: 253 r: 7 c: 29
framebuffer: i: 254 r: 7 c: 30
framebuffer: i: 255 r: 7 c: 31
framebuffer: i: 464 r: 14 c: 16
framebuffer: i: 465 r: 14 c: 17
framebuffer: i: 466 r: 14 c: 18
framebuffer: i: 467 r: 14 c: 19
framebuffer: i: 468 r: 14 c: 20
framebuffer: i: 469 r: 14 c: 21
framebuffer: i: 470 r: 14 c: 22
framebuffer: i: 471 r: 14 c: 23
framebuffer: i: 472 r: 14 c: 24
framebuffer: i: 473 r: 14 c: 25
framebuffer: i: 474 r: 14 c: 26
framebuffer: i: 475 r: 14 c: 27
framebuffer: i: 476 r: 14 c: 28
framebuffer: i: 477 r: 14 c: 29
framebuffer: i: 478 r: 14 c: 30
framebuffer: i: 479 r: 14 c: 31
framebuffer: i: 496 r: 15 c: 16
framebuffer: i: 497 r: 15 c: 17
framebuffer: i: 498 r: 15 c: 18
framebuffer: i: 499 r: 15 c: 19
framebuffer: i: 500 r: 15 c: 20
framebuffer: i: 501 r: 15 c: 21
framebuffer: i: 502 r: 15 c: 22
framebuffer: i: 503 r: 15 c: 23
framebuffer: i: 504 r: 15 c: 24
framebuffer: i: 505 r: 15 c: 25
framebuffer: i: 506 r: 15 c: 26
framebuffer: i: 507 r: 15 c: 27
framebuffer: i: 508 r: 15 c: 28
framebuffer: i: 509 r: 15 c: 29
framebuffer: i: 510 r: 15 c: 30
framebuffer: i: 511 r: 15 c: 31
framebuffer: i: 528 r: 16 c: 16
framebuffer: i: 529 r: 16 c: 17
framebuffer: i: 530 r: 16 c: 18
framebuffer: i: 531 r: 16 c: 19
framebuffer: i: 532 r: 16 c: 20
framebuffer: i: 533 r: 16 c: 21
framebuffer: i: 534 r: 16 c: 22
framebuffer: i: 535 r: 16 c: 23
framebuffer: i: 536 r: 16 c: 24
framebuffer: i: 537 r: 16 c: 25
framebuffer: i: 538 r: 16 c: 26
framebuffer: i: 539 r: 16 c: 27
framebuffer: i: 540 r: 16 c: 28
framebuffer: i: 541 r: 16 c: 29
framebuffer: i: 542 r: 16 c: 30
framebuffer: i: 543 r: 16 c: 31
framebuffer: i: 560 r: 17 c: 16
framebuffer: i: 561 r: 17 c: 17
framebuffer: i: 562 r: 17 c: 18
framebuffer: i: 563 r: 17 c: 19
framebuffer: i: 564 r: 17 c: 20
framebuffer: i: 565 r: 17 c: 21
framebuffer: i: 566 r: 17 c: 22
framebuffer: i: 567 r: 17 c: 23
framebuffer: i: 568 r: 17 c: 24
framebuffer: i: 569 r: 17 c: 25
framebuffer: i: 570 r: 17 c: 26
framebuffer: i: 571 r: 17 c: 27
framebuffer: i: 572 r: 17 c: 28
framebuffer: i: 573 r: 17 c: 29
framebuffer: i: 574 r: 17 c: 30
framebuffer: i: 575 r: 17 c: 31
framebuffer: i: 784 r: 24 c: 16
framebuffer: i: 785 r: 24 c: 17
framebuffer: i: 786 r: 24 c: 18
framebuffer: i: 787 r: 24 c: 19
framebuffer: i: 788 r: 24 c: 20
framebuffer: i: 789 r: 24 c: 21
framebuffer: i: 790 r: 24 c: 22
framebuffer: i: 791 r: 24 c: 23
framebuffer: i: 792 r: 24 c: 24
framebuffer: i: 793 r: 24 c: 25
framebuffer: i: 794 r: 24 c: 26
framebuffer: i: 795 r: 24 c: 27
framebuffer: i: 796 r: 24 c: 28
framebuffer: i: 797 r: 24 c: 29
framebuffer: i: 798 r: 24 c: 30
framebuffer: i: 799 r: 24 c: 31
framebuffer: i: 816 r: 25 c: 16
framebuffer: i: 817 r: 25 c: 17
framebuffer: i: 818 r: 25 c: 18
framebuffer: i: 819 r: 25 c: 19
framebuffer: i: 820 r: 25 c: 20
framebuffer: i: 821 r: 25 c: 21
framebuffer: i: 822 r: 25 c: 22
framebuffer: i: 823 r: 25 c: 23
framebuffer: i: 824 r: 25 c: 24
framebuffer: i: 825 r: 25 c: 25
framebuffer: i: 826 r: 25 c: 26
framebuffer: i: 827 r: 25 c: 27
framebuffer: i: 828 r: 25 c: 28
framebuffer: i: 829 r: 25 c: 29
framebuffer: i: 830 r: 25 c: 30
framebuffer: i: 831 r: 25 c: 31
makeImage: i: 0 r: 0 c: 0
makeImage: i: 1 r: 0 c: 1
makeImage: i: 2 r: 0 c: 2
makeImage: i: 3 r: 0 c: 3
makeImage: i: 4 r: 0 c: 4
makeImage: i: 5 r: 0 c: 5
makeImage: i: 6 r: 0 c: 6
makeImage: i: 7 r: 0 c: 7
makeImage: i: 8 r: 0 c: 8
makeImage: i: 9 r: 0 c: 9
makeImage: i: 10 r: 0 c: 10
makeImage: i: 11 r: 0 c: 11
makeImage: i: 12 r: 0 c: 12
makeImage: i: 13 r: 0 c: 13
makeImage: i: 14 r: 0 c: 14
makeImage: i: 15 r: 0 c: 15
makeImage: i: 16 r: 0 c: 16
makeImage: i: 17 r: 0 c: 17
makeImage: i: 18 r: 0 c: 18
makeImage: i: 19 r: 0 c: 19
makeImage: i: 20 r: 0 c: 20
makeImage: i: 21 r: 0 c: 21
makeImage: i: 22 r: 0 c: 22
makeImage: i: 23 r: 0 c: 23
makeImage: i: 24 r: 0 c: 24
makeImage: i: 25 r: 0 c: 25
makeImage: i: 26 r: 0 c: 26
makeImage: i: 27 r: 0 c: 27
makeImage: i: 28 r: 0 c: 28
makeImage: i: 29 r: 0 c: 29
makeImage: i: 30 r: 0 c: 30
makeImage: i: 31 r: 0 c: 31
makeImage: i: 32 r: 1 c: 0
makeImage: i: 33 r: 1 c: 1
makeImage: i: 34 r: 1 c: 2
makeImage: i: 35 r: 1 c: 3
makeImage: i: 36 r: 1 c: 4
makeImage: i: 37 r: 1 c: 5
makeImage: i: 38 r: 1 c: 6
makeImage: i: 39 r: 1 c: 7
makeImage: i: 40 r: 1 c: 8
makeImage: i: 41 r: 1 c: 9
makeImage: i: 42 r: 1 c: 10
makeImage: i: 43 r: 1 c: 11
makeImage: i: 44 r: 1 c: 12
makeImage: i: 45 r: 1 c: 13
makeImage: i: 46 r: 1 c: 14
makeImage: i: 47 r: 1 c: 15
makeImage: i: 48 r: 1 c: 16
makeImage: i: 49 r: 1 c: 17
makeImage: i: 50 r: 1 c: 18
makeImage: i: 51 r: 1 c: 19
makeImage: i: 52 r: 1 c: 20
makeImage: i: 53 r: 1 c: 21
makeImage: i: 54 r: 1 c: 22
makeImage: i: 55 r: 1 c: 23
makeImage: i: 56 r: 1 c: 24
makeImage: i: 57 r: 1 c: 25
makeImage: i: 58 r: 1 c: 26
makeImage: i: 59 r: 1 c: 27
makeImage: i: 60 r: 1 c: 28
makeImage: i: 61 r: 1 c: 29
makeImage: i: 62 r: 1 c: 30
makeImage: i: 63 r: 1 c: 31
makeImage: i: 64 r: 2 c: 0
makeImage: i: 65 r: 2 c: 1
makeImage: i: 66 r: 2 c: 2
makeImage: i: 67 r: 2 c: 3
makeImage: i: 68 r: 2 c: 4
makeImage: i: 69 r: 2 c: 5
makeImage: i: 70 r: 2 c: 6
makeImage: i: 71 r: 2 c: 7
makeImage: i: 72 r: 2 c: 8
makeImage: i: 73 r: 2 c: 9
makeImage: i: 74 r: 2 c: 10
makeImage: i: 75 r: 2 c: 11
makeImage: i: 76 r: 2 c: 12
makeImage: i: 77 r: 2 c: 13
makeImage: i: 78 r: 2 c: 14
makeImage: i: 79 r: 2 c: 15
makeImage: i: 80 r: 2 c: 16
makeImage: i: 81 r: 2 c: 17
makeImage: i: 82 r: 2 c: 18
makeImage: i: 83 r: 2 c: 19
makeImage: i: 84 r: 2 c: 20
makeImage: i: 85 r: 2 c: 21
makeImage: i: 86 r: 2 c: 22
makeImage: i: 87 r: 2 c: 23
makeImage: i: 88 r: 2 c: 24
makeImage: i: 89 r: 2 c: 25
makeImage: i: 90 r: 2 c: 26
makeImage: i: 91 r: 2 c: 27
makeImage: i: 92 r: 2 c: 28
makeImage: i: 93 r: 2 c: 29
makeImage: i: 94 r: 2 c: 30
makeImage: i: 95 r: 2 c: 31
makeImage: i: 96 r: 3 c: 0
makeImage: i: 97 r: 3 c: 1
makeImage: i: 98 r: 3 c: 2
makeImage: i: 99 r: 3 c: 3
makeImage: i: 100 r: 3 c: 4
makeImage: i: 101 r: 3 c: 5
makeImage: i: 102 r: 3 c: 6
makeImage: i: 103 r: 3 c: 7
makeImage: i: 104 r: 3 c: 8
makeImage: i: 105 r: 3 c: 9
makeImage: i: 106 r: 3 c: 10
makeImage: i: 107 r: 3 c: 11
makeImage: i: 108 r: 3 c: 12
makeImage: i: 109 r: 3 c: 13
makeImage: i: 110 r: 3 c: 14
makeImage: i: 111 r: 3 c: 15
makeImage: i: 112 r: 3 c: 16
makeImage: i: 113 r: 3 c: 17
makeImage: i: 114 r: 3 c: 18
makeImage: i: 115 r: 3 c: 19
makeImage: i: 116 r: 3 c: 20
makeImage: i: 117 r: 3 c: 21
makeImage: i: 118 r: 3 c: 22
makeImage: i: 119 r: 3 c: 23
makeImage: i: 120 r: 3 c: 24
makeImage: i: 121 r: 3 c: 25
makeImage: i: 122 r: 3 c: 26
makeImage: i: 123 r: 3 c: 27
makeImage: i: 124 r: 3 c: 28
makeImage: i: 125 r: 3 c: 29
makeImage: i: 126 r: 3 c: 30
makeImage: i: 127 r: 3 c: 31
makeImage: i: 128 r: 4 c: 0
makeImage: i: 129 r: 4 c: 1
makeImage: i: 130 r: 4 c: 2
makeImage: i: 131 r: 4 c: 3
makeImage: i: 132 r: 4 c: 4
makeImage: i: 133 r: 4 c: 5
makeImage: i: 134 r: 4 c: 6
makeImage: i: 135 r: 4 c: 7
makeImage: i: 136 r: 4 c: 8
makeImage: i: 137 r: 4 c: 9
makeImage: i: 138 r: 4 c: 10
makeImage: i: 139 r: 4 c: 11
makeImage: i: 140 r: 4 c: 12
makeImage: i: 141 r: 4 c: 13
makeImage: i: 142 r: 4 c: 14
makeImage: i: 143 r: 4 c: 15
makeImage: i: 144 r: 4 c: 16
makeImage: i: 145 r: 4 c: 17
makeImage: i: 146 r: 4 c: 18
makeImage: i: 147 r: 4 c: 19
makeImage: i: 148 r: 4 c: 20
makeImage: i: 149 r: 4 c: 21
makeImage: i: 150 r: 4 c: 22
makeImage: i: 151 r: 4 c: 23
makeImage: i: 152 r: 4 c: 24
makeImage: i: 153 r: 4 c: 25
makeImage: i: 154 r: 4 c: 26
makeImage: i: 155 r: 4 c: 27
makeImage: i: 156 r: 4 c: 28
makeImage: i: 157 r: 4 c: 29
makeImage: i: 158 r: 4 c: 30
makeImage: i: 159 r: 4 c: 31
makeImage: i: 160 r: 5 c: 0
makeImage: i: 161 r: 5 c: 1
makeImage: i: 162 r: 5 c: 2
makeImage: i: 163 r: 5 c: 3
makeImage: i: 164 r: 5 c: 4
makeImage: i: 165 r: 5 c: 5
makeImage: i: 166 r: 5 c: 6
makeImage: i: 167 r: 5 c: 7
makeImage: i: 168 r: 5 c: 8
makeImage: i: 169 r: 5 c: 9
makeImage: i: 170 r: 5 c: 10
makeImage: i: 171 r: 5 c: 11
makeImage: i: 172 r: 5 c: 12
makeImage: i: 173 r: 5 c: 13
makeImage: i: 174 r: 5 c: 14
makeImage: i: 175 r: 5 c: 15
makeImage: i: 176 r: 5 c: 16
makeImage: i: 177 r: 5 c: 17
makeImage: i: 178 r: 5 c: 18
makeImage: i: 179 r: 5 c: 19
makeImage: i: 180 r: 5 c: 20
makeImage: i: 181 r: 5 c: 21
makeImage: i: 182 r: 5 c: 22
makeImage: i: 183 r: 5 c: 23
makeImage: i: 184 r: 5 c: 24
makeImage: i: 185 r: 5 c: 25
makeImage: i: 186 r: 5 c: 26
makeImage: i: 187 r: 5 c: 27
makeImage: i: 188 r: 5 c: 28
makeImage: i: 189 r: 5 c: 29
makeImage: i: 190 r: 5 c: 30
makeImage: i: 191 r: 5 c: 31
makeImage: i: 192 r: 6 c: 0
makeImage: i: 193 r: 6 c: 1
makeImage: i: 194 r: 6 c: 2
makeImage: i: 195 r: 6 c: 3
makeImage: i: 196 r: 6 c: 4
makeImage: i: 197 r: 6 c: 5
makeImage: i: 198 r: 6 c: 6
makeImage: i: 199 r: 6 c: 7
makeImage: i: 200 r: 6 c: 8
makeImage: i: 201 r: 6 c: 9
makeImage: i: 202 r: 6 c: 10
makeImage: i: 203 r: 6 c: 11
makeImage: i: 204 r: 6 c: 12
makeImage: i: 205 r: 6 c: 13
makeImage: i: 206 r: 6 c: 14
makeImage: i: 207 r: 6 c: 15
makeImage: i: 208 r: 6 c: 16
makeImage: i: 209 r: 6 c: 17
makeImage: i: 210 r: 6 c: 18
makeImage: i: 211 r: 6 c: 19
makeImage: i: 212 r: 6 c: 20
makeImage: i: 213 r: 6 c: 21
makeImage: i: 214 r: 6 c: 22
makeImage: i: 215 r: 6 c: 23
makeImage: i: 216 r: 6 c: 24
makeImage: i: 217 r: 6 c: 25
makeImage: i: 218 r: 6 c: 26
makeImage: i: 219 r: 6 c: 27
makeImage: i: 220 r: 6 c: 28
makeImage: i: 221 r: 6 c: 29
makeImage: i: 222 r: 6 c: 30
makeImage: i: 223 r: 6 c: 31
makeImage: i: 224 r: 7 c: 0
makeImage: i: 225 r: 7 c: 1
makeImage: i: 226 r: 7 c: 2
makeImage: i: 227 r: 7 c: 3
makeImage: i: 228 r: 7 c: 4
makeImage: i: 229 r: 7 c: 5
makeImage: i: 230 r: 7 c: 6
makeImage: i: 231 r: 7 c: 7
makeImage: i: 232 r: 7 c: 8
makeImage: i: 233 r: 7 c: 9
makeImage: i: 234 r: 7 c: 10
makeImage: i: 235 r: 7 c: 11
makeImage: i: 236 r: 7 c: 12
makeImage: i: 237 r: 7 c: 13
makeImage: i: 238 r: 7 c: 14
makeImage: i: 239 r: 7 c: 15
makeImage: i: 240 r: 7 c: 16
makeImage: i: 241 r: 7 c: 17
makeImage: i: 242 r: 7 c: 18
makeImage: i: 243 r: 7 c: 19
makeImage: i: 244 r: 7 c: 20
makeImage: i: 245 r: 7 c: 21
makeImage: i: 246 r: 7 c: 22
makeImage: i: 247 r: 7 c: 23
makeImage: i: 248 r: 7 c: 24
makeImage: i: 249 r: 7 c: 25
makeImage: i: 250 r: 7 c: 26
makeImage: i: 251 r: 7 c: 27
makeImage: i: 252 r: 7 c: 28
makeImage: i: 253 r: 7 c: 29
makeImage: i: 254 r: 7 c: 30
makeImage: i: 255 r: 7 c: 31
makeImage: i: 256 r: 8 c: 0
makeImage: i: 257 r: 8 c: 1
makeImage: i: 258 r: 8 c: 2
makeImage: i: 259 r: 8 c: 3
makeImage: i: 260 r: 8 c: 4
makeImage: i: 261 r: 8 c: 5
makeImage: i: 262 r: 8 c: 6
makeImage: i: 263 r: 8 c: 7
makeImage: i: 264 r: 8 c: 8
makeImage: i: 265 r: 8 c: 9
makeImage: i: 266 r: 8 c: 10
makeImage: i: 267 r: 8 c: 11
makeImage: i: 268 r: 8 c: 12
makeImage: i: 269 r: 8 c: 13
makeImage: i: 270 r: 8 c: 14
makeImage: i: 271 r: 8 c: 15
makeImage: i: 272 r: 8 c: 16
makeImage: i: 273 r: 8 c: 17
makeImage: i: 274 r: 8 c: 18
makeImage: i: 275 r: 8 c: 19
makeImage: i: 276 r: 8 c: 20
makeImage: i: 277 r: 8 c: 21
makeImage: i: 278 r: 8 c: 22
makeImage: i: 279 r: 8 c: 23
makeImage: i: 280 r: 8 c: 24
makeImage: i: 281 r: 8 c: 25
makeImage: i: 282 r: 8 c: 26
makeImage: i: 283 r: 8 c: 27
makeImage: i: 284 r: 8 c: 28
makeImage: i: 285 r: 8 c: 29
makeImage: i: 286 r: 8 c: 30
makeImage: i: 287 r: 8 c: 31
makeImage: i: 288 r: 9 c: 0
makeImage: i: 289 r: 9 c: 1
makeImage: i: 290 r: 9 c: 2
makeImage: i: 291 r: 9 c: 3
makeImage: i: 292 r: 9 c: 4
makeImage: i: 293 r: 9 c: 5
makeImage: i: 294 r: 9 c: 6
makeImage: i: 295 r: 9 c: 7
makeImage: i: 296 r: 9 c: 8
makeImage: i: 297 r: 9 c: 9
makeImage: i: 298 r: 9 c: 10
makeImage: i: 299 r: 9 c: 11
makeImage: i: 300 r: 9 c: 12
makeImage: i: 301 r: 9 c: 13
makeImage: i: 302 r: 9 c: 14
makeImage: i: 303 r: 9 c: 15
makeImage: i: 304 r: 9 c: 16
makeImage: i: 305 r: 9 c: 17
makeImage: i: 306 r: 9 c: 18
makeImage: i: 307 r: 9 c: 19
makeImage: i: 308 r: 9 c: 20
makeImage: i: 309 r: 9 c: 21
makeImage: i: 310 r: 9 c: 22
makeImage: i: 311 r: 9 c: 23
makeImage: i: 312 r: 9 c: 24
makeImage: i: 313 r: 9 c: 25
makeImage: i: 314 r: 9 c: 26
makeImage: i: 315 r: 9 c: 27
makeImage: i: 316 r: 9 c: 28
makeImage: i: 317 r: 9 c: 29
makeImage: i: 318 r: 9 c: 30
makeImage: i: 319 r: 9 c: 31
makeImage: i: 320 r: 10 c: 0
makeImage: i: 321 r: 10 c: 1
makeImage: i: 322 r: 10 c: 2
makeImage: i: 323 r: 10 c: 3
makeImage: i: 324 r: 10 c: 4
makeImage: i: 325 r: 10 c: 5
makeImage: i: 326 r: 10 c: 6
makeImage: i: 327 r: 10 c: 7
makeImage: i: 328 r: 10 c: 8
makeImage: i: 329 r: 10 c: 9
makeImage: i: 330 r: 10 c: 10
makeImage: i: 331 r: 10 c: 11
makeImage: i: 332 r: 10 c: 12
makeImage: i: 333 r: 10 c: 13
makeImage: i: 334 r: 10 c: 14
makeImage: i: 335 r: 10 c: 15
makeImage: i: 336 r: 10 c: 16
makeImage: i: 337 r: 10 c: 17
makeImage: i: 338 r: 10 c: 18
makeImage: i: 339 r: 10 c: 19
makeImage: i: 340 r: 10 c: 20
makeImage: i: 341 r: 10 c: 21
makeImage: i: 342 r: 10 c: 22
makeImage: i: 343 r: 10 c: 23
makeImage: i: 344 r: 10 c: 24
makeImage: i: 345 r: 10 c: 25
makeImage: i: 346 r: 10 c: 26
makeImage: i: 347 r: 10 c: 27
makeImage: i: 348 r: 10 c: 28
makeImage: i: 349 r: 10 c: 29
makeImage: i: 350 r: 10 c: 30
makeImage: i: 351 r: 10 c: 31
makeImage: i: 352 r: 11 c: 0
makeImage: i: 353 r: 11 c: 1
makeImage: i: 354 r: 11 c: 2
makeImage: i: 355 r: 11 c: 3
makeImage: i: 356 r: 11 c: 4
makeImage: i: 357 r: 11 c: 5
makeImage: i: 358 r: 11 c: 6
makeImage: i: 359 r: 11 c: 7
makeImage: i: 360 r: 11 c: 8
makeImage: i: 361 r: 11 c: 9
makeImage: i: 362 r: 11 c: 10
makeImage: i: 363 r: 11 c: 11
makeImage: i: 364 r: 11 c: 12
makeImage: i: 365 r: 11 c: 13
makeImage: i: 366 r: 11 c: 14
makeImage: i: 367 r: 11 c: 15
makeImage: i: 368 r: 11 c: 16
makeImage: i: 369 r: 11 c: 17
makeImage: i: 370 r: 11 c: 18
makeImage: i: 371 r: 11 c: 19
makeImage: i: 372 r: 11 c: 20
makeImage: i: 373 r: 11 c: 21
makeImage: i: 374 r: 11 c: 22
makeImage: i: 375 r: 11 c: 23
makeImage: i: 376 r: 11 c: 24
makeImage: i: 377 r: 11 c: 25
makeImage: i: 378 r: 11 c: 26
makeImage: i: 379 r: 11 c: 27
makeImage: i: 380 r: 11 c: 28
makeImage: i: 381 r: 11 c: 29
makeImage: i: 382 r: 11 c: 30
makeImage: i: 383 r: 11 c: 31
makeImage: i: 384 r: 12 c: 0
makeImage: i: 385 r: 12 c: 1
makeImage: i: 386 r: 12 c: 2
makeImage: i: 387 r: 12 c: 3
makeImage: i: 388 r: 12 c: 4
makeImage: i: 389 r: 12 c: 5
makeImage: i: 390 r: 12 c: 6
makeImage: i: 391 r: 12 c: 7
makeImage: i: 392 r: 12 c: 8
makeImage: i: 393 r: 12 c: 9
makeImage: i: 394 r: 12 c: 10
makeImage: i: 395 r: 12 c: 11
makeImage: i: 396 r: 12 c: 12
makeImage: i: 397 r: 12 c: 13
makeImage: i: 398 r: 12 c: 14
makeImage: i: 399 r: 12 c: 15
makeImage: i: 400 r: 12 c: 16
makeImage: i: 401 r: 12 c: 17
makeImage: i: 402 r: 12 c: 18
makeImage: i: 403 r: 12 c: 19
makeImage: i: 404 r: 12 c: 20
makeImage: i: 405 r: 12 c: 21
makeImage: i: 406 r: 12 c: 22
makeImage: i: 407 r: 12 c: 23
makeImage: i: 408 r: 12 c: 24
makeImage: i: 409 r: 12 c: 25
makeImage: i: 410 r: 12 c: 26
makeImage: i: 411 r: 12 c: 27
makeImage: i: 412 r: 12 c: 28
makeImage: i: 413 r: 12 c: 29
makeImage: i: 414 r: 12 c: 30
makeImage: i: 415 r: 12 c: 31
makeImage: i: 416 r: 13 c: 0
makeImage: i: 417 r: 13 c: 1
makeImage: i: 418 r: 13 c: 2
makeImage: i: 419 r: 13 c: 3
makeImage: i: 420 r: 13 c: 4
makeImage: i: 421 r: 13 c: 5
makeImage: i: 422 r: 13 c: 6
makeImage: i: 423 r: 13 c: 7
makeImage: i: 424 r: 13 c: 8
makeImage: i: 425 r: 13 c: 9
makeImage: i: 426 r: 13 c: 10
makeImage: i: 427 r: 13 c: 11
makeImage: i: 428 r: 13 c: 12
makeImage: i: 429 r: 13 c: 13
makeImage: i: 430 r: 13 c: 14
makeImage: i: 431 r: 13 c: 15
makeImage: i: 432 r: 13 c: 16
makeImage: i: 433 r: 13 c: 17
makeImage: i: 434 r: 13 c: 18
makeImage: i: 435 r: 13 c: 19
makeImage: i: 436 r: 13 c: 20
makeImage: i: 437 r: 13 c: 21
makeImage: i: 438 r: 13 c: 22
makeImage: i: 439 r: 13 c: 23
makeImage: i: 440 r: 13 c: 24
makeImage: i: 441 r: 13 c: 25
makeImage: i: 442 r: 13 c: 26
makeImage: i: 443 r: 13 c: 27
makeImage: i: 444 r: 13 c: 28
makeImage: i: 445 r: 13 c: 29
makeImage: i: 446 r: 13 c: 30
makeImage: i: 447 r: 13 c: 31
makeImage: i: 448 r: 14 c: 0
makeImage: i: 449 r: 14 c: 1
makeImage: i: 450 r: 14 c: 2
makeImage: i: 451 r: 14 c: 3
makeImage: i: 452 r: 14 c: 4
makeImage: i: 453 r: 14 c: 5
makeImage: i: 454 r: 14 c: 6
makeImage: i: 455 r: 14 c: 7
makeImage: i: 456 r: 14 c: 8
makeImage: i: 457 r: 14 c: 9
makeImage: i: 458 r: 14 c: 10
makeImage: i: 459 r: 14 c: 11
makeImage: i: 460 r: 14 c: 12
makeImage: i: 461 r: 14 c: 13
makeImage: i: 462 r: 14 c: 14
makeImage: i: 463 r: 14 c: 15
makeImage: i: 464 r: 14 c: 16
makeImage: i: 465 r: 14 c: 17
makeImage: i: 466 r: 14 c: 18
makeImage: i: 467 r: 14 c: 19
makeImage: i: 468 r: 14 c: 20
makeImage: i: 469 r: 14 c: 21
makeImage: i: 470 r: 14 c: 22
makeImage: i: 471 r: 14 c: 23
makeImage: i: 472 r: 14 c: 24
makeImage: i: 473 r: 14 c: 25
makeImage: i: 474 r: 14 c: 26
makeImage: i: 475 r: 14 c: 27
makeImage: i: 476 r: 14 c: 28
makeImage: i: 477 r: 14 c: 29
makeImage: i: 478 r: 14 c: 30
makeImage: i: 479 r: 14 c: 31
makeImage: i: 480 r: 15 c: 0
makeImage: i: 481 r: 15 c: 1
makeImage: i: 482 r: 15 c: 2
makeImage: i: 483 r: 15 c: 3
makeImage: i: 484 r: 15 c: 4
makeImage: i: 485 r: 15 c: 5
makeImage: i: 486 r: 15 c: 6
makeImage: i: 487 r: 15 c: 7
makeImage: i: 488 r: 15 c: 8
makeImage: i: 489 r: 15 c: 9
makeImage: i: 490 r: 15 c: 10
makeImage: i: 491 r: 15 c: 11
makeImage: i: 492 r: 15 c: 12
makeImage: i: 493 r: 15 c: 13
makeImage: i: 494 r: 15 c: 14
makeImage: i: 495 r: 15 c: 15
makeImage: i: 496 r: 15 c: 16
makeImage: i: 497 r: 15 c: 17
makeImage: i: 498 r: 15 c: 18
makeImage: i: 499 r: 15 c: 19
makeImage: i: 500 r: 15 c: 20
makeImage: i: 501 r: 15 c: 21
makeImage: i: 502 r: 15 c: 22
makeImage: i: 503 r: 15 c: 23
makeImage: i: 504 r: 15 c: 24
makeImage: i: 505 r: 15 c: 25
makeImage: i: 506 r: 15 c: 26
makeImage: i: 507 r: 15 c: 27
makeImage: i: 508 r: 15 c: 28
makeImage: i: 509 r: 15 c: 29
makeImage: i: 510 r: 15 c: 30
makeImage: i: 511 r: 15 c: 31
makeImage: i: 512 r: 16 c: 0
makeImage: i: 513 r: 16 c: 1
makeImage: i: 514 r: 16 c: 2
makeImage: i: 515 r: 16 c: 3
makeImage: i: 516 r: 16 c: 4
makeImage: i: 517 r: 16 c: 5
makeImage: i: 518 r: 16 c: 6
makeImage: i: 519 r: 16 c: 7
makeImage: i: 520 r: 16 c: 8
makeImage: i: 521 r: 16 c: 9
makeImage: i: 522 r: 16 c: 10
makeImage: i: 523 r: 16 c: 11
makeImage: i: 524 r: 16 c: 12
makeImage: i: 525 r: 16 c: 13
makeImage: i: 526 r: 16 c: 14
makeImage: i: 527 r: 16 c: 15
makeImage: i: 528 r: 16 c: 16
makeImage: i: 529 r: 16 c: 17
makeImage: i: 530 r: 16 c: 18
makeImage: i: 531 r: 16 c: 19
makeImage: i: 532 r: 16 c: 20
makeImage: i: 533 r: 16 c: 21
makeImage: i: 534 r: 16 c: 22
makeImage: i: 535 r: 16 c: 23
makeImage: i: 536 r: 16 c: 24
makeImage: i: 537 r: 16 c: 25
makeImage: i: 538 r: 16 c: 26
makeImage: i: 539 r: 16 c: 27
makeImage: i: 540 r: 16 c: 28
makeImage: i: 541 r: 16 c: 29
makeImage: i: 542 r: 16 c: 30
makeImage: i: 543 r: 16 c: 31
makeImage: i: 544 r: 17 c: 0
makeImage: i: 545 r: 17 c: 1
makeImage: i: 546 r: 17 c: 2
makeImage: i: 547 r: 17 c: 3
makeImage: i: 548 r: 17 c: 4
makeImage: i: 549 r: 17 c: 5
makeImage: i: 550 r: 17 c: 6
makeImage: i: 551 r: 17 c: 7
makeImage: i: 552 r: 17 c: 8
makeImage: i: 553 r: 17 c: 9
makeImage: i: 554 r: 17 c: 10
makeImage: i: 555 r: 17 c: 11
makeImage: i: 556 r: 17 c: 12
makeImage: i: 557 r: 17 c: 13
makeImage: i: 558 r: 17 c: 14
makeImage: i: 559 r: 17 c: 15
makeImage: i: 560 r: 17 c: 16
makeImage: i: 561 r: 17 c: 17
makeImage: i: 562 r: 17 c: 18
makeImage: i: 563 r: 17 c: 19
makeImage: i: 564 r: 17 c: 20
makeImage: i: 565 r: 17 c: 21
makeImage: i: 566 r: 17 c: 22
makeImage: i: 567 r: 17 c: 23
makeImage: i: 568 r: 17 c: 24
makeImage: i: 569 r: 17 c: 25
makeImage: i: 570 r: 17 c: 26
makeImage: i: 571 r: 17 c: 27
makeImage: i: 572 r: 17 c: 28
makeImage: i: 573 r: 17 c: 29
makeImage: i: 574 r: 17 c: 30
makeImage: i: 575 r: 17 c: 31
makeImage: i: 576 r: 18 c: 0
makeImage: i: 577 r: 18 c: 1
makeImage: i: 578 r: 18 c: 2
makeImage: i: 579 r: 18 c: 3
makeImage: i: 580 r: 18 c: 4
makeImage: i: 581 r: 18 c: 5
makeImage: i: 582 r: 18 c: 6
makeImage: i: 583 r: 18 c: 7
makeImage: i: 584 r: 18 c: 8
makeImage: i: 585 r: 18 c: 9
makeImage: i: 586 r: 18 c: 10
makeImage: i: 587 r: 18 c: 11
makeImage: i: 588 r: 18 c: 12
makeImage: i: 589 r: 18 c: 13
makeImage: i: 590 r: 18 c: 14
makeImage: i: 591 r: 18 c: 15
makeImage: i: 592 r: 18 c: 16
makeImage: i: 593 r: 18 c: 17
makeImage: i: 594 r: 18 c: 18
makeImage: i: 595 r: 18 c: 19
makeImage: i: 596 r: 18 c: 20
makeImage: i: 597 r: 18 c: 21
makeImage: i: 598 r: 18 c: 22
makeImage: i: 599 r: 18 c: 23
makeImage: i: 600 r: 18 c: 24
makeImage: i: 601 r: 18 c: 25
makeImage: i: 602 r: 18 c: 26
makeImage: i: 603 r: 18 c: 27
makeImage: i: 604 r: 18 c: 28
makeImage: i: 605 r: 18 c: 29
makeImage: i: 606 r: 18 c: 30
makeImage: i: 607 r: 18 c: 31
makeImage: i: 608 r: 19 c: 0
makeImage: i: 609 r: 19 c: 1
makeImage: i: 610 r: 19 c: 2
makeImage: i: 611 r: 19 c: 3
makeImage: i: 612 r: 19 c: 4
makeImage: i: 613 r: 19 c: 5
makeImage: i: 614 r: 19 c: 6
makeImage: i: 615 r: 19 c: 7
makeImage: i: 616 r: 19 c: 8
makeImage: i: 617 r: 19 c: 9
makeImage: i: 618 r: 19 c: 10
makeImage: i: 619 r: 19 c: 11
makeImage: i: 620 r: 19 c: 12
makeImage: i: 621 r: 19 c: 13
makeImage: i: 622 r: 19 c: 14
makeImage: i: 623 r: 19 c: 15
makeImage: i: 624 r: 19 c: 16
makeImage: i: 625 r: 19 c: 17
makeImage: i: 626 r: 19 c: 18
makeImage: i: 627 r: 19 c: 19
makeImage: i: 628 r: 19 c: 20
makeImage: i: 629 r: 19 c: 21
makeImage: i: 630 r: 19 c: 22
makeImage: i: 631 r: 19 c: 23
makeImage: i: 632 r: 19 c: 24
makeImage: i: 633 r: 19 c: 25
makeImage: i: 634 r: 19 c: 26
makeImage: i: 635 r: 19 c: 27
makeImage: i: 636 r: 19 c: 28
makeImage: i: 637 r: 19 c: 29
makeImage: i: 638 r: 19 c: 30
makeImage: i: 639 r: 19 c: 31
makeImage: i: 640 r: 20 c: 0
makeImage: i: 641 r: 20 c: 1
makeImage: i: 642 r: 20 c: 2
makeImage: i: 643 r: 20 c: 3
makeImage: i: 644 r: 20 c: 4
makeImage: i: 645 r: 20 c: 5
makeImage: i: 646 r: 20 c: 6
makeImage: i: 647 r: 20 c: 7
makeImage: i: 648 r: 20 c: 8
makeImage: i: 649 r: 20 c: 9
makeImage: i: 650 r: 20 c: 10
makeImage: i: 651 r: 20 c: 11
makeImage: i: 652 r: 20 c: 12
makeImage: i: 653 r: 20 c: 13
makeImage: i: 654 r: 20 c: 14
makeImage: i: 655 r: 20 c: 15
makeImage: i: 656 r: 20 c: 16
makeImage: i: 657 r: 20 c: 17
makeImage: i: 658 r: 20 c: 18
makeImage: i: 659 r: 20 c: 19
makeImage: i: 660 r: 20 c: 20
makeImage: i: 661 r: 20 c: 21
makeImage: i: 662 r: 20 c: 22
makeImage: i: 663 r: 20 c: 23
makeImage: i: 664 r: 20 c: 24
makeImage: i: 665 r: 20 c: 25
makeImage: i: 666 r: 20 c: 26
makeImage: i: 667 r: 20 c: 27
makeImage: i: 668 r: 20 c: 28
makeImage: i: 669 r: 20 c: 29
makeImage: i: 670 r: 20 c: 30
makeImage: i: 671 r: 20 c: 31
makeImage: i: 672 r: 21 c: 0
makeImage: i: 673 r: 21 c: 1
makeImage: i: 674 r: 21 c: 2
makeImage: i: 675 r: 21 c: 3
makeImage: i: 676 r: 21 c: 4
makeImage: i: 677 r: 21 c: 5
makeImage: i: 678 r: 21 c: 6
makeImage: i: 679 r: 21 c: 7
makeImage: i: 680 r: 21 c: 8
makeImage: i: 681 r: 21 c: 9
makeImage: i: 682 r: 21 c: 10
makeImage: i: 683 r: 21 c: 11
makeImage: i: 684 r: 21 c: 12
makeImage: i: 685 r: 21 c: 13
makeImage: i: 686 r: 21 c: 14
makeImage: i: 687 r: 21 c: 15
makeImage: i: 688 r: 21 c: 16
makeImage: i: 689 r: 21 c: 17
makeImage: i: 690 r: 21 c: 18
makeImage: i: 691 r: 21 c: 19
makeImage: i: 692 r: 21 c: 20
makeImage: i: 693 r: 21 c: 21
makeImage: i: 694 r: 21 c: 22
makeImage: i: 695 r: 21 c: 23
makeImage: i: 696 r: 21 c: 24
makeImage: i: 697 r: 21 c: 25
makeImage: i: 698 r: 21 c: 26
makeImage: i: 699 r: 21 c: 27
makeImage: i: 700 r: 21 c: 28
makeImage: i: 701 r: 21 c: 29
makeImage: i: 702 r: 21 c: 30
makeImage: i: 703 r: 21 c: 31
makeImage: i: 704 r: 22 c: 0
makeImage: i: 705 r: 22 c: 1
makeImage: i: 706 r: 22 c: 2
makeImage: i: 707 r: 22 c: 3
makeImage: i: 708 r: 22 c: 4
makeImage: i: 709 r: 22 c: 5
makeImage: i: 710 r: 22 c: 6
makeImage: i: 711 r: 22 c: 7
makeImage: i: 712 r: 22 c: 8
makeImage: i: 713 r: 22 c: 9
makeImage: i: 714 r: 22 c: 10
makeImage: i: 715 r: 22 c: 11
makeImage: i: 716 r: 22 c: 12
makeImage: i: 717 r: 22 c: 13
makeImage: i: 718 r: 22 c: 14
makeImage: i: 719 r: 22 c: 15
makeImage: i: 720 r: 22 c: 16
makeImage: i: 721 r: 22 c: 17
makeImage: i: 722 r: 22 c: 18
makeImage: i: 723 r: 22 c: 19
makeImage: i: 724 r: 22 c: 20
makeImage: i: 725 r: 22 c: 21
makeImage: i: 726 r: 22 c: 22
makeImage: i: 727 r: 22 c: 23
makeImage: i: 728 r: 22 c: 24
makeImage: i: 729 r: 22 c: 25
makeImage: i: 730 r: 22 c: 26
makeImage: i: 731 r: 22 c: 27
makeImage: i: 732 r: 22 c: 28
makeImage: i: 733 r: 22 c: 29
makeImage: i: 734 r: 22 c: 30
makeImage: i: 735 r: 22 c: 31
makeImage: i: 736 r: 23 c: 0
makeImage: i: 737 r: 23 c: 1
makeImage: i: 738 r: 23 c: 2
makeImage: i: 739 r: 23 c: 3
makeImage: i: 740 r: 23 c: 4
makeImage: i: 741 r: 23 c: 5
makeImage: i: 742 r: 23 c: 6
makeImage: i: 743 r: 23 c: 7
makeImage: i: 744 r: 23 c: 8
makeImage: i: 745 r: 23 c: 9
makeImage: i: 746 r: 23 c: 10
makeImage: i: 747 r: 23 c: 11
makeImage: i: 748 r: 23 c: 12
makeImage: i: 749 r: 23 c: 13
makeImage: i: 750 r: 23 c: 14
makeImage: i: 751 r: 23 c: 15
makeImage: i: 752 r: 23 c: 16
makeImage: i: 753 r: 23 c: 17
makeImage: i: 754 r: 23 c: 18
makeImage: i: 755 r: 23 c: 19
makeImage: i: 756 r: 23 c: 20
makeImage: i: 757 r: 23 c: 21
makeImage: i: 758 r: 23 c: 22
makeImage: i: 759 r: 23 c: 23
makeImage: i: 760 r: 23 c: 24
makeImage: i: 761 r: 23 c: 25
makeImage: i: 762 r: 23 c: 26
makeImage: i: 763 r: 23 c: 27
makeImage: i: 764 r: 23 c: 28
makeImage: i: 765 r: 23 c: 29
makeImage: i: 766 r: 23 c: 30
makeImage: i: 767 r: 23 c: 31
makeImage: i: 768 r: 24 c: 0
makeImage: i: 769 r: 24 c: 1
makeImage: i: 770 r: 24 c: 2
makeImage: i: 771 r: 24 c: 3
makeImage: i: 772 r: 24 c: 4
makeImage: i: 773 r: 24 c: 5
makeImage: i: 774 r: 24 c: 6
makeImage: i: 775 r: 24 c: 7
makeImage: i: 776 r: 24 c: 8
makeImage: i: 777 r: 24 c: 9
makeImage: i: 778 r: 24 c: 10
makeImage: i: 779 r: 24 c: 11
makeImage: i: 780 r: 24 c: 12
makeImage: i: 781 r: 24 c: 13
makeImage: i: 782 r: 24 c: 14
makeImage: i: 783 r: 24 c: 15
makeImage: i: 784 r: 24 c: 16
makeImage: i: 785 r: 24 c: 17
makeImage: i: 786 r: 24 c: 18
makeImage: i: 787 r: 24 c: 19
makeImage: i: 788 r: 24 c: 20
makeImage: i: 789 r: 24 c: 21
makeImage: i: 790 r: 24 c: 22
makeImage: i: 791 r: 24 c: 23
makeImage: i: 792 r: 24 c: 24
makeImage: i: 793 r: 24 c: 25
makeImage: i: 794 r: 24 c: 26
makeImage: i: 795 r: 24 c: 27
makeImage: i: 796 r: 24 c: 28
makeImage: i: 797 r: 24 c: 29
makeImage: i: 798 r: 24 c: 30
makeImage: i: 799 r: 24 c: 31
makeImage: i: 800 r: 25 c: 0
makeImage: i: 801 r: 25 c: 1
makeImage: i: 802 r: 25 c: 2
makeImage: i: 803 r: 25 c: 3
makeImage: i: 804 r: 25 c: 4
makeImage: i: 805 r: 25 c: 5
makeImage: i: 806 r: 25 c: 6
makeImage: i: 807 r: 25 c: 7
makeImage: i: 808 r: 25 c: 8
makeImage: i: 809 r: 25 c: 9
makeImage: i: 810 r: 25 c: 10
makeImage: i: 811 r: 25 c: 11
makeImage: i: 812 r: 25 c: 12
makeImage: i: 813 r: 25 c: 13
makeImage: i: 814 r: 25 c: 14
makeImage: i: 815 r: 25 c: 15
makeImage: i: 816 r: 25 c: 16
makeImage: i: 817 r: 25 c: 17
makeImage: i: 818 r: 25 c: 18
makeImage: i: 819 r: 25 c: 19
makeImage: i: 820 r: 25 c: 20
makeImage: i: 821 r: 25 c: 21
makeImage: i: 822 r: 25 c: 22
makeImage: i: 823 r: 25 c: 23
makeImage: i: 824 r: 25 c: 24
makeImage: i: 825 r: 25 c: 25
makeImage: i: 826 r: 25 c: 26
makeImage: i: 827 r: 25 c: 27
makeImage: i: 828 r: 25 c: 28
makeImage: i: 829 r: 25 c: 29
makeImage: i: 830 r: 25 c: 30
makeImage: i: 831 r: 25 c: 31
makeImage: i: 832 r: 26 c: 0
makeImage: i: 833 r: 26 c: 1
makeImage: i: 834 r: 26 c: 2
makeImage: i: 835 r: 26 c: 3
makeImage: i: 836 r: 26 c: 4
makeImage: i: 837 r: 26 c: 5
makeImage: i: 838 r: 26 c: 6
makeImage: i: 839 r: 26 c: 7
makeImage: i: 840 r: 26 c: 8
makeImage: i: 841 r: 26 c: 9
makeImage: i: 842 r: 26 c: 10
makeImage: i: 843 r: 26 c: 11
makeImage: i: 844 r: 26 c: 12
makeImage: i: 845 r: 26 c: 13
makeImage: i: 846 r: 26 c: 14
makeImage: i: 847 r: 26 c: 15
makeImage: i: 848 r: 26 c: 16
makeImage: i: 849 r: 26 c: 17
makeImage: i: 850 r: 26 c: 18
makeImage: i: 851 r: 26 c: 19
makeImage: i: 852 r: 26 c: 20
makeImage: i: 853 r: 26 c: 21
makeImage: i: 854 r: 26 c: 22
makeImage: i: 855 r: 26 c: 23
makeImage: i: 856 r: 26 c: 24
makeImage: i: 857 r: 26 c: 25
makeImage: i: 858 r: 26 c: 26
makeImage: i: 859 r: 26 c: 27
makeImage: i: 860 r: 26 c: 28
makeImage: i: 861 r: 26 c: 29
makeImage: i: 862 r: 26 c: 30
makeImage: i: 863 r: 26 c: 31
makeImage: i: 864 r: 27 c: 0
makeImage: i: 865 r: 27 c: 1
makeImage: i: 866 r: 27 c: 2
makeImage: i: 867 r: 27 c: 3
makeImage: i: 868 r: 27 c: 4
makeImage: i: 869 r: 27 c: 5
makeImage: i: 870 r: 27 c: 6
makeImage: i: 871 r: 27 c: 7
makeImage: i: 872 r: 27 c: 8
makeImage: i: 873 r: 27 c: 9
makeImage: i: 874 r: 27 c: 10
makeImage: i: 875 r: 27 c: 11
makeImage: i: 876 r: 27 c: 12
makeImage: i: 877 r: 27 c: 13
makeImage: i: 878 r: 27 c: 14
makeImage: i: 879 r: 27 c: 15
makeImage: i: 880 r: 27 c: 16
makeImage: i: 881 r: 27 c: 17
makeImage: i: 882 r: 27 c: 18
makeImage: i: 883 r: 27 c: 19
makeImage: i: 884 r: 27 c: 20
makeImage: i: 885 r: 27 c: 21
makeImage: i: 886 r: 27 c: 22
makeImage: i: 887 r: 27 c: 23
makeImage: i: 888 r: 27 c: 24
makeImage: i: 889 r: 27 c: 25
makeImage: i: 890 r: 27 c: 26
makeImage: i: 891 r: 27 c: 27
makeImage: i: 892 r: 27 c: 28
makeImage: i: 893 r: 27 c: 29
makeImage: i: 894 r: 27 c: 30
makeImage: i: 895 r: 27 c: 31
makeImage: i: 896 r: 28 c: 0
makeImage: i: 897 r: 28 c: 1
makeImage: i: 898 r: 28 c: 2
makeImage: i: 899 r: 28 c: 3
makeImage: i: 900 r: 28 c: 4
makeImage: i: 901 r: 28 c: 5
makeImage: i: 902 r: 28 c: 6
makeImage: i: 903 r: 28 c: 7
makeImage: i: 904 r: 28 c: 8
makeImage: i: 905 r: 28 c: 9
makeImage: i: 906 r: 28 c: 10
makeImage: i: 907 r: 28 c: 11
makeImage: i: 908 r: 28 c: 12
makeImage: i: 909 r: 28 c: 13
makeImage: i: 910 r: 28 c: 14
makeImage: i: 911 r: 28 c: 15
makeImage: i: 912 r: 28 c: 16
makeImage: i: 913 r: 28 c: 17
makeImage: i: 914 r: 28 c: 18
makeImage: i: 915 r: 28 c: 19
makeImage: i: 916 r: 28 c: 20
makeImage: i: 917 r: 28 c: 21
makeImage: i: 918 r: 28 c: 22
makeImage: i: 919 r: 28 c: 23
makeImage: i: 920 r: 28 c: 24
makeImage: i: 921 r: 28 c: 25
makeImage: i: 922 r: 28 c: 26
makeImage: i: 923 r: 28 c: 27
makeImage: i: 924 r: 28 c: 28
makeImage: i: 925 r: 28 c: 29
makeImage: i: 926 r: 28 c: 30
makeImage: i: 927 r: 28 c: 31
makeImage: i: 928 r: 29 c: 0
makeImage: i: 929 r: 29 c: 1
makeImage: i: 930 r: 29 c: 2
makeImage: i: 931 r: 29 c: 3
makeImage: i: 932 r: 29 c: 4
makeImage: i: 933 r: 29 c: 5
makeImage: i: 934 r: 29 c: 6
makeImage: i: 935 r: 29 c: 7
makeImage: i: 936 r: 29 c: 8
makeImage: i: 937 r: 29 c: 9
makeImage: i: 938 r: 29 c: 10
makeImage: i: 939 r: 29 c: 11
makeImage: i: 940 r: 29 c: 12
makeImage: i: 941 r: 29 c: 13
makeImage: i: 942 r: 29 c: 14
makeImage: i: 943 r: 29 c: 15
makeImage: i: 944 r: 29 c: 16
makeImage: i: 945 r: 29 c: 17
makeImage: i: 946 r: 29 c: 18
makeImage: i: 947 r: 29 c: 19
makeImage: i: 948 r: 29 c: 20
makeImage: i: 949 r: 29 c: 21
makeImage: i: 950 r: 29 c: 22
makeImage: i: 951 r: 29 c: 23
makeImage: i: 952 r: 29 c: 24
makeImage: i: 953 r: 29 c: 25
makeImage: i: 954 r: 29 c: 26
makeImage: i: 955 r: 29 c: 27
makeImage: i: 956 r: 29 c: 28
makeImage: i: 957 r: 29 c: 29
makeImage: i: 958 r: 29 c: 30
makeImage: i: 959 r: 29 c: 31
makeImage: i: 960 r: 30 c: 0
makeImage: i: 961 r: 30 c: 1
makeImage: i: 962 r: 30 c: 2
makeImage: i: 963 r: 30 c: 3
makeImage: i: 964 r: 30 c: 4
makeImage: i: 965 r: 30 c: 5
makeImage: i: 966 r: 30 c: 6
makeImage: i: 967 r: 30 c: 7
makeImage: i: 968 r: 30 c: 8
makeImage: i: 969 r: 30 c: 9
makeImage: i: 970 r: 30 c: 10
makeImage: i: 971 r: 30 c: 11
makeImage: i: 972 r: 30 c: 12
makeImage: i: 973 r: 30 c: 13
makeImage: i: 974 r: 30 c: 14
makeImage: i: 975 r: 30 c: 15
makeImage: i: 976 r: 30 c: 16
makeImage: i: 977 r: 30 c: 17
makeImage: i: 978 r: 30 c: 18
makeImage: i: 979 r: 30 c: 19
makeImage: i: 980 r: 30 c: 20
makeImage: i: 981 r: 30 c: 21
makeImage: i: 982 r: 30 c: 22
makeImage: i: 983 r: 30 c: 23
makeImage: i: 984 r: 30 c: 24
makeImage: i: 985 r: 30 c: 25
makeImage: i: 986 r: 30 c: 26
makeImage: i: 987 r: 30 c: 27
makeImage: i: 988 r: 30 c: 28
makeImage: i: 989 r: 30 c: 29
makeImage: i: 990 r: 30 c: 30
makeImage: i: 991 r: 30 c: 31
makeImage: i: 992 r: 31 c: 0
makeImage: i: 993 r: 31 c: 1
makeImage: i: 994 r: 31 c: 2
makeImage: i: 995 r: 31 c: 3
makeImage: i: 996 r: 31 c: 4
makeImage: i: 997 r: 31 c: 5
makeImage: i: 998 r: 31 c: 6
makeImage: i: 999 r: 31 c: 7
makeImage: i: 1000 r: 31 c: 8
makeImage: i: 1001 r: 31 c: 9
makeImage: i: 1002 r: 31 c: 10
makeImage: i: 1003 r: 31 c: 11
makeImage: i: 1004 r: 31 c: 12
makeImage: i: 1005 r: 31 c: 13
makeImage: i: 1006 r: 31 c: 14
makeImage: i: 1007 r: 31 c: 15
makeImage: i: 1008 r: 31 c: 16
makeImage: i: 1009 r: 31 c: 17
makeImage: i: 1010 r: 31 c: 18
makeImage: i: 1011 r: 31 c: 19
makeImage: i: 1012 r: 31 c: 20
makeImage: i: 1013 r: 31 c: 21
makeImage: i: 1014 r: 31 c: 22
makeImage: i: 1015 r: 31 c: 23
makeImage: i: 1016 r: 31 c: 24
makeImage: i: 1017 r: 31 c: 25
makeImage: i: 1018 r: 31 c: 26
makeImage: i: 1019 r: 31 c: 27
makeImage: i: 1020 r: 31 c: 28
makeImage: i: 1021 r: 31 c: 29
makeImage: i: 1022 r: 31 c: 30
makeImage: i: 1023 r: 31 c: 31
